{"/home/travis/build/npmtest/node-npmtest-rx-angular/test.js":{"path":"/home/travis/build/npmtest/node-npmtest-rx-angular/test.js","s":{"1":2,"2":2,"3":2,"4":2,"5":2,"6":2,"7":2,"8":1,"9":2,"10":2,"11":1,"12":1,"13":1,"14":1,"15":2,"16":2,"17":2,"18":2,"19":1,"20":1,"21":2,"22":2,"23":2,"24":1,"25":1,"26":1,"27":1,"28":1,"29":1,"30":1,"31":1,"32":1,"33":1,"34":1,"35":1,"36":1,"37":1,"38":1,"39":2,"40":2,"41":1,"42":2,"43":2,"44":1,"45":2,"46":2,"47":1,"48":2,"49":2,"50":1,"51":1,"52":1,"53":1,"54":1},"b":{"1":[2,1,1,1],"2":[1,1,1,1],"3":[1,1],"4":[1,1],"5":[1,1],"6":[1,1],"7":[1,1],"8":[1,1],"9":[1,1],"10":[1,1,1],"11":[1,1],"12":[1,1],"13":[1,1],"14":[1,1],"15":[1,1],"16":[1,1],"17":[1,1]},"f":{"1":2,"2":2,"3":2,"4":2,"5":2,"6":1,"7":1,"8":1,"9":2,"10":2,"11":2,"12":2,"13":1},"fnMap":{"1":{"name":"(anonymous_1)","line":12,"loc":{"start":{"line":12,"column":1},"end":{"line":12,"column":13}}},"2":{"name":"(anonymous_2)","line":19,"loc":{"start":{"line":19,"column":5},"end":{"line":19,"column":17}}},"3":{"name":"(anonymous_3)","line":23,"loc":{"start":{"line":23,"column":24},"end":{"line":23,"column":36}}},"4":{"name":"(anonymous_4)","line":61,"loc":{"start":{"line":61,"column":5},"end":{"line":61,"column":17}}},"5":{"name":"(anonymous_5)","line":82,"loc":{"start":{"line":82,"column":5},"end":{"line":82,"column":17}}},"6":{"name":"(anonymous_6)","line":91,"loc":{"start":{"line":91,"column":77},"end":{"line":94,"column":10}}},"7":{"name":"(anonymous_7)","line":112,"loc":{"start":{"line":112,"column":83},"end":{"line":115,"column":10}},"skip":true},"8":{"name":"(anonymous_8)","line":123,"loc":{"start":{"line":123,"column":77},"end":{"line":126,"column":10}},"skip":true},"9":{"name":"(anonymous_9)","line":139,"loc":{"start":{"line":139,"column":12},"end":{"line":139,"column":40}},"skip":true},"10":{"name":"(anonymous_10)","line":147,"loc":{"start":{"line":147,"column":77},"end":{"line":150,"column":10}},"skip":true},"11":{"name":"(anonymous_11)","line":158,"loc":{"start":{"line":158,"column":83},"end":{"line":161,"column":10}},"skip":true},"12":{"name":"(anonymous_12)","line":169,"loc":{"start":{"line":169,"column":79},"end":{"line":172,"column":10}},"skip":true},"13":{"name":"(anonymous_13)","line":180,"loc":{"start":{"line":180,"column":75},"end":{"line":183,"column":10}},"skip":true}},"statementMap":{"1":{"start":{"line":12,"column":0},"end":{"line":195,"column":5}},"2":{"start":{"line":14,"column":4},"end":{"line":14,"column":14}},"3":{"start":{"line":19,"column":4},"end":{"line":56,"column":9}},"4":{"start":{"line":21,"column":8},"end":{"line":21,"column":19}},"5":{"start":{"line":23,"column":8},"end":{"line":35,"column":13}},"6":{"start":{"line":24,"column":12},"end":{"line":34,"column":13}},"7":{"start":{"line":25,"column":16},"end":{"line":28,"column":30}},"8":{"start":{"line":30,"column":16},"end":{"line":33,"column":27}},"9":{"start":{"line":37,"column":8},"end":{"line":39,"column":21}},"10":{"start":{"line":40,"column":8},"end":{"line":53,"column":9}},"11":{"start":{"line":43,"column":12},"end":{"line":46,"column":14}},"12":{"start":{"line":47,"column":12},"end":{"line":47,"column":18}},"13":{"start":{"line":50,"column":12},"end":{"line":51,"column":33}},"14":{"start":{"line":52,"column":12},"end":{"line":52,"column":18}},"15":{"start":{"line":55,"column":8},"end":{"line":55,"column":35}},"16":{"start":{"line":61,"column":4},"end":{"line":63,"column":9}},"17":{"start":{"line":62,"column":8},"end":{"line":62,"column":15}},"18":{"start":{"line":64,"column":4},"end":{"line":77,"column":5}},"19":{"start":{"line":70,"column":8},"end":{"line":70,"column":14}},"20":{"start":{"line":76,"column":8},"end":{"line":76,"column":14}},"21":{"start":{"line":82,"column":4},"end":{"line":84,"column":9}},"22":{"start":{"line":83,"column":8},"end":{"line":83,"column":15}},"23":{"start":{"line":85,"column":4},"end":{"line":194,"column":5}},"24":{"start":{"line":91,"column":8},"end":{"line":99,"column":10}},"25":{"start":{"line":98,"column":12},"end":{"line":98,"column":35}},"26":{"start":{"line":102,"column":8},"end":{"line":104,"column":63}},"27":{"start":{"line":105,"column":8},"end":{"line":105,"column":14}},"28":{"start":{"line":112,"column":8},"end":{"line":121,"column":10},"skip":true},"29":{"start":{"line":119,"column":12},"end":{"line":119,"column":55},"skip":true},"30":{"start":{"line":120,"column":12},"end":{"line":120,"column":48},"skip":true},"31":{"start":{"line":123,"column":8},"end":{"line":136,"column":10},"skip":true},"32":{"start":{"line":130,"column":12},"end":{"line":130,"column":76},"skip":true},"33":{"start":{"line":131,"column":12},"end":{"line":131,"column":73},"skip":true},"34":{"start":{"line":132,"column":12},"end":{"line":132,"column":74},"skip":true},"35":{"start":{"line":133,"column":12},"end":{"line":133,"column":79},"skip":true},"36":{"start":{"line":134,"column":12},"end":{"line":134,"column":25},"skip":true},"37":{"start":{"line":135,"column":12},"end":{"line":135,"column":45},"skip":true},"38":{"start":{"line":138,"column":8},"end":{"line":145,"column":14},"skip":true},"39":{"start":{"line":143,"column":16},"end":{"line":143,"column":29},"skip":true},"40":{"start":{"line":144,"column":16},"end":{"line":144,"column":55},"skip":true},"41":{"start":{"line":147,"column":8},"end":{"line":156,"column":10},"skip":true},"42":{"start":{"line":154,"column":12},"end":{"line":154,"column":25},"skip":true},"43":{"start":{"line":155,"column":12},"end":{"line":155,"column":45},"skip":true},"44":{"start":{"line":158,"column":8},"end":{"line":167,"column":10},"skip":true},"45":{"start":{"line":165,"column":12},"end":{"line":165,"column":25},"skip":true},"46":{"start":{"line":166,"column":12},"end":{"line":166,"column":48},"skip":true},"47":{"start":{"line":169,"column":8},"end":{"line":178,"column":10},"skip":true},"48":{"start":{"line":176,"column":12},"end":{"line":176,"column":25},"skip":true},"49":{"start":{"line":177,"column":12},"end":{"line":177,"column":46},"skip":true},"50":{"start":{"line":180,"column":8},"end":{"line":189,"column":10},"skip":true},"51":{"start":{"line":187,"column":12},"end":{"line":187,"column":94},"skip":true},"52":{"start":{"line":188,"column":12},"end":{"line":188,"column":48},"skip":true},"53":{"start":{"line":192,"column":8},"end":{"line":192,"column":35},"skip":true},"54":{"start":{"line":193,"column":8},"end":{"line":193,"column":14},"skip":true}},"branchMap":{"1":{"line":25,"type":"binary-expr","locations":[{"start":{"line":25,"column":23},"end":{"line":25,"column":62}},{"start":{"line":26,"column":20},"end":{"line":26,"column":70}},{"start":{"line":27,"column":20},"end":{"line":27,"column":71}},{"start":{"line":28,"column":20},"end":{"line":28,"column":29}}]},"2":{"line":30,"type":"binary-expr","locations":[{"start":{"line":30,"column":23},"end":{"line":30,"column":37}},{"start":{"line":31,"column":20},"end":{"line":31,"column":61}},{"start":{"line":32,"column":20},"end":{"line":32,"column":70}},{"start":{"line":33,"column":20},"end":{"line":33,"column":26}}]},"3":{"line":37,"type":"cond-expr","locations":[{"start":{"line":38,"column":14},"end":{"line":38,"column":20}},{"start":{"line":39,"column":14},"end":{"line":39,"column":20}}]},"4":{"line":40,"type":"switch","locations":[{"start":{"line":42,"column":8},"end":{"line":47,"column":18}},{"start":{"line":49,"column":8},"end":{"line":52,"column":18}}]},"5":{"line":44,"type":"binary-expr","locations":[{"start":{"line":44,"column":16},"end":{"line":44,"column":44}},{"start":{"line":44,"column":48},"end":{"line":44,"column":66}}]},"6":{"line":50,"type":"binary-expr","locations":[{"start":{"line":50,"column":21},"end":{"line":50,"column":49}},{"start":{"line":50,"column":53},"end":{"line":50,"column":72}}]},"7":{"line":64,"type":"switch","locations":[{"start":{"line":69,"column":4},"end":{"line":70,"column":14}},{"start":{"line":75,"column":4},"end":{"line":76,"column":14}}]},"8":{"line":85,"type":"switch","locations":[{"start":{"line":90,"column":4},"end":{"line":105,"column":14}},{"start":{"line":111,"column":4},"end":{"line":193,"column":14},"skip":true}]},"9":{"line":91,"type":"binary-expr","locations":[{"start":{"line":91,"column":42},"end":{"line":91,"column":73}},{"start":{"line":91,"column":77},"end":{"line":99,"column":9}}]},"10":{"line":102,"type":"binary-expr","locations":[{"start":{"line":102,"column":18},"end":{"line":102,"column":32}},{"start":{"line":103,"column":12},"end":{"line":103,"column":53}},{"start":{"line":104,"column":12},"end":{"line":104,"column":61}}]},"11":{"line":112,"type":"binary-expr","locations":[{"start":{"line":112,"column":45},"end":{"line":112,"column":79},"skip":true},{"start":{"line":112,"column":83},"end":{"line":121,"column":9},"skip":true}]},"12":{"line":123,"type":"binary-expr","locations":[{"start":{"line":123,"column":42},"end":{"line":123,"column":73},"skip":true},{"start":{"line":123,"column":77},"end":{"line":136,"column":9},"skip":true}]},"13":{"line":138,"type":"binary-expr","locations":[{"start":{"line":138,"column":48},"end":{"line":138,"column":85},"skip":true},{"start":{"line":139,"column":12},"end":{"line":145,"column":13},"skip":true}]},"14":{"line":147,"type":"binary-expr","locations":[{"start":{"line":147,"column":42},"end":{"line":147,"column":73},"skip":true},{"start":{"line":147,"column":77},"end":{"line":156,"column":9},"skip":true}]},"15":{"line":158,"type":"binary-expr","locations":[{"start":{"line":158,"column":45},"end":{"line":158,"column":79},"skip":true},{"start":{"line":158,"column":83},"end":{"line":167,"column":9},"skip":true}]},"16":{"line":169,"type":"binary-expr","locations":[{"start":{"line":169,"column":43},"end":{"line":169,"column":75},"skip":true},{"start":{"line":169,"column":79},"end":{"line":178,"column":9},"skip":true}]},"17":{"line":180,"type":"binary-expr","locations":[{"start":{"line":180,"column":41},"end":{"line":180,"column":71},"skip":true},{"start":{"line":180,"column":75},"end":{"line":189,"column":9},"skip":true}]}},"code":["/* istanbul instrument in package npmtest_rx_angular */","/*jslint","    bitwise: true,","    browser: true,","    maxerr: 8,","    maxlen: 96,","    node: true,","    nomen: true,","    regexp: true,","    stupid: true","*/","(function () {","    'use strict';","    var local;","","","","    // run shared js-env code - pre-init","    (function () {","        // init local","        local = {};","        // init modeJs","        local.modeJs = (function () {","            try {","                return typeof navigator.userAgent === 'string' &&","                    typeof document.querySelector('body') === 'object' &&","                    typeof XMLHttpRequest.prototype.open === 'function' &&","                    'browser';","            } catch (errorCaughtBrowser) {","                return module.exports &&","                    typeof process.versions.node === 'string' &&","                    typeof require('http').createServer === 'function' &&","                    'node';","            }","        }());","        // init global","        local.global = local.modeJs === 'browser'","            ? window","            : global;","        switch (local.modeJs) {","        // re-init local from window.local","        case 'browser':","            local = local.global.utility2.objectSetDefault(","                local.global.utility2_rollup || local.global.local,","                local.global.utility2","            );","            break;","        // re-init local from example.js","        case 'node':","            local = (local.global.utility2_rollup || require('utility2'))","                .requireReadme();","            break;","        }","        // export local","        local.global.local = local;","    }());","","","","    // run shared js-env code - function","    (function () {","        return;","    }());","    switch (local.modeJs) {","","","","    // run browser js-env code - function","    case 'browser':","        break;","","","","    // run node js-env code - function","    case 'node':","        break;","    }","","","","    // run shared js-env code - post-init","    (function () {","        return;","    }());","    switch (local.modeJs) {","","","","    // run browser js-env code - post-init","    case 'browser':","        local.testCase_browser_nullCase = local.testCase_browser_nullCase || function (","            options,","            onError","        ) {","        /*","         * this function will test browsers's null-case handling-behavior-behavior","         */","            onError(null, options);","        };","","        // run tests","        local.nop(local.modeTest &&","            document.querySelector('#testRunButton1') &&","            document.querySelector('#testRunButton1').click());","        break;","","","","    // run node js-env code - post-init","    /* istanbul ignore next */","    case 'node':","        local.testCase_buildApidoc_default = local.testCase_buildApidoc_default || function (","            options,","            onError","        ) {","        /*","         * this function will test buildApidoc's default handling-behavior-behavior","         */","            options = { modulePathList: module.paths };","            local.buildApidoc(options, onError);","        };","","        local.testCase_buildApp_default = local.testCase_buildApp_default || function (","            options,","            onError","        ) {","        /*","         * this function will test buildApp's default handling-behavior-behavior","         */","            local.testCase_buildReadme_default(options, local.onErrorThrow);","            local.testCase_buildLib_default(options, local.onErrorThrow);","            local.testCase_buildTest_default(options, local.onErrorThrow);","            local.testCase_buildCustomOrg_default(options, local.onErrorThrow);","            options = [];","            local.buildApp(options, onError);","        };","","        local.testCase_buildCustomOrg_default = local.testCase_buildCustomOrg_default ||","            function (options, onError) {","            /*","             * this function will test buildCustomOrg's default handling-behavior","             */","                options = {};","                local.buildCustomOrg(options, onError);","            };","","        local.testCase_buildLib_default = local.testCase_buildLib_default || function (","            options,","            onError","        ) {","        /*","         * this function will test buildLib's default handling-behavior","         */","            options = {};","            local.buildLib(options, onError);","        };","","        local.testCase_buildReadme_default = local.testCase_buildReadme_default || function (","            options,","            onError","        ) {","        /*","         * this function will test buildReadme's default handling-behavior-behavior","         */","            options = {};","            local.buildReadme(options, onError);","        };","","        local.testCase_buildTest_default = local.testCase_buildTest_default || function (","            options,","            onError","        ) {","        /*","         * this function will test buildTest's default handling-behavior","         */","            options = {};","            local.buildTest(options, onError);","        };","","        local.testCase_webpage_default = local.testCase_webpage_default || function (","            options,","            onError","        ) {","        /*","         * this function will test webpage's default handling-behavior","         */","            options = { modeCoverageMerge: true, url: local.serverLocalHost + '?modeTest=1' };","            local.browserTest(options, onError);","        };","","        // run test-server","        local.testRunServer(local);","        break;","    }","}());",""],"l":{"12":2,"14":2,"19":2,"21":2,"23":2,"24":2,"25":2,"30":1,"37":2,"40":2,"43":1,"47":1,"50":1,"52":1,"55":2,"61":2,"62":2,"64":2,"70":1,"76":1,"82":2,"83":2,"85":2,"91":1,"98":1,"102":1,"105":1,"112":1,"119":1,"120":1,"123":1,"130":1,"131":1,"132":1,"133":1,"134":1,"135":1,"138":1,"143":2,"144":2,"147":1,"154":2,"155":2,"158":1,"165":2,"166":2,"169":1,"176":2,"177":2,"180":1,"187":1,"188":1,"192":1,"193":1}},"/home/travis/build/npmtest/node-npmtest-rx-angular/lib.npmtest_rx_angular.js":{"path":"/home/travis/build/npmtest/node-npmtest-rx-angular/lib.npmtest_rx_angular.js","s":{"1":2,"2":2,"3":2,"4":2,"5":2,"6":2,"7":2,"8":1,"9":2,"10":2,"11":2,"12":2,"13":1,"14":1,"15":1,"16":1},"b":{"1":[2,1,1,1],"2":[1,1,1,1],"3":[1,1],"4":[2,2],"5":[1,1]},"f":{"1":2,"2":2,"3":2},"fnMap":{"1":{"name":"(anonymous_1)","line":12,"loc":{"start":{"line":12,"column":1},"end":{"line":12,"column":13}}},"2":{"name":"(anonymous_2)","line":19,"loc":{"start":{"line":19,"column":5},"end":{"line":19,"column":17}}},"3":{"name":"(anonymous_3)","line":23,"loc":{"start":{"line":23,"column":24},"end":{"line":23,"column":36}}}},"statementMap":{"1":{"start":{"line":12,"column":0},"end":{"line":53,"column":5}},"2":{"start":{"line":14,"column":4},"end":{"line":14,"column":14}},"3":{"start":{"line":19,"column":4},"end":{"line":52,"column":9}},"4":{"start":{"line":21,"column":8},"end":{"line":21,"column":19}},"5":{"start":{"line":23,"column":8},"end":{"line":35,"column":13}},"6":{"start":{"line":24,"column":12},"end":{"line":34,"column":13}},"7":{"start":{"line":25,"column":16},"end":{"line":28,"column":30}},"8":{"start":{"line":30,"column":16},"end":{"line":33,"column":27}},"9":{"start":{"line":37,"column":8},"end":{"line":39,"column":21}},"10":{"start":{"line":41,"column":8},"end":{"line":41,"column":54}},"11":{"start":{"line":43,"column":8},"end":{"line":43,"column":55}},"12":{"start":{"line":45,"column":8},"end":{"line":51,"column":9}},"13":{"start":{"line":46,"column":12},"end":{"line":46,"column":61}},"14":{"start":{"line":48,"column":12},"end":{"line":48,"column":35}},"15":{"start":{"line":49,"column":12},"end":{"line":49,"column":49}},"16":{"start":{"line":50,"column":12},"end":{"line":50,"column":43}}},"branchMap":{"1":{"line":25,"type":"binary-expr","locations":[{"start":{"line":25,"column":23},"end":{"line":25,"column":62}},{"start":{"line":26,"column":20},"end":{"line":26,"column":70}},{"start":{"line":27,"column":20},"end":{"line":27,"column":71}},{"start":{"line":28,"column":20},"end":{"line":28,"column":29}}]},"2":{"line":30,"type":"binary-expr","locations":[{"start":{"line":30,"column":23},"end":{"line":30,"column":37}},{"start":{"line":31,"column":20},"end":{"line":31,"column":61}},{"start":{"line":32,"column":20},"end":{"line":32,"column":70}},{"start":{"line":33,"column":20},"end":{"line":33,"column":26}}]},"3":{"line":37,"type":"cond-expr","locations":[{"start":{"line":38,"column":14},"end":{"line":38,"column":20}},{"start":{"line":39,"column":14},"end":{"line":39,"column":20}}]},"4":{"line":41,"type":"binary-expr","locations":[{"start":{"line":41,"column":16},"end":{"line":41,"column":44}},{"start":{"line":41,"column":48},"end":{"line":41,"column":53}}]},"5":{"line":45,"type":"if","locations":[{"start":{"line":45,"column":8},"end":{"line":45,"column":8}},{"start":{"line":45,"column":8},"end":{"line":45,"column":8}}]}},"code":["/* istanbul instrument in package npmtest_rx_angular */","/*jslint","    bitwise: true,","    browser: true,","    maxerr: 8,","    maxlen: 96,","    node: true,","    nomen: true,","    regexp: true,","    stupid: true","*/","(function () {","    'use strict';","    var local;","","","","    // run shared js-env code - pre-init","    (function () {","        // init local","        local = {};","        // init modeJs","        local.modeJs = (function () {","            try {","                return typeof navigator.userAgent === 'string' &&","                    typeof document.querySelector('body') === 'object' &&","                    typeof XMLHttpRequest.prototype.open === 'function' &&","                    'browser';","            } catch (errorCaughtBrowser) {","                return module.exports &&","                    typeof process.versions.node === 'string' &&","                    typeof require('http').createServer === 'function' &&","                    'node';","            }","        }());","        // init global","        local.global = local.modeJs === 'browser'","            ? window","            : global;","        // init utility2_rollup","        local = local.global.utility2_rollup || local;","        // init lib","        local.local = local.npmtest_rx_angular = local;","        // init exports","        if (local.modeJs === 'browser') {","            local.global.utility2_npmtest_rx_angular = local;","        } else {","            module.exports = local;","            module.exports.__dirname = __dirname;","            module.exports.module = module;","        }","    }());","}());",""],"l":{"12":2,"14":2,"19":2,"21":2,"23":2,"24":2,"25":2,"30":1,"37":2,"41":2,"43":2,"45":2,"46":1,"48":1,"49":1,"50":1}},"/home/travis/build/npmtest/node-npmtest-rx-angular/example.js":{"path":"/home/travis/build/npmtest/node-npmtest-rx-angular/example.js","s":{"1":2,"2":2,"3":2,"4":2,"5":2,"6":2,"7":2,"8":1,"9":2,"10":2,"11":2,"12":2,"13":1,"14":2,"15":2,"16":2,"17":2,"18":2,"19":0,"20":2,"21":1,"22":1,"23":1,"24":1,"25":1,"26":0,"27":0,"28":1,"29":1,"30":2,"31":0,"32":0,"33":0,"34":1,"35":2,"36":2,"37":3,"38":3,"39":3,"40":3,"41":0,"42":3,"43":3,"44":3,"45":1,"46":3,"47":1,"48":1,"49":1,"50":1,"51":1,"52":1,"53":1,"54":1,"55":1,"56":1,"57":0,"58":1,"59":6,"60":6,"61":1,"62":2,"63":0,"64":2,"65":1,"66":1,"67":0,"68":0,"69":0,"70":0,"71":0,"72":0,"73":0,"74":0,"75":0,"76":0,"77":0,"78":0,"79":0,"80":0,"81":0,"82":0,"83":0},"b":{"1":[2,1,1,1],"2":[1,1,1,1],"3":[1,1],"4":[2,2],"5":[1,1],"6":[1,1],"7":[2,0],"8":[2,1,1,1,1,1],"9":[0,2,0],"10":[1,1],"11":[2,1,1],"12":[1,0],"13":[0,2],"14":[2,0,0,0,0,0,0],"15":[0,3],"16":[3,0],"17":[1,1],"18":[0,1],"19":[1,2,0,2],"20":[1,0],"21":[1,1],"22":[0,0],"23":[0,0],"24":[0,0],"25":[0,0],"26":[0,0],"27":[0,0],"28":[0,0]},"f":{"1":2,"2":2,"3":2,"4":2,"5":2,"6":2,"7":3,"8":3,"9":3,"10":1,"11":6,"12":0},"fnMap":{"1":{"name":"(anonymous_1)","line":26,"loc":{"start":{"line":26,"column":1},"end":{"line":26,"column":13}}},"2":{"name":"(anonymous_2)","line":33,"loc":{"start":{"line":33,"column":5},"end":{"line":33,"column":17}}},"3":{"name":"(anonymous_3)","line":37,"loc":{"start":{"line":37,"column":24},"end":{"line":37,"column":36}}},"4":{"name":"(anonymous_4)","line":69,"loc":{"start":{"line":69,"column":31},"end":{"line":69,"column":48}},"skip":true},"5":{"name":"(anonymous_5)","line":78,"loc":{"start":{"line":78,"column":26},"end":{"line":78,"column":45}},"skip":true},"6":{"name":"(anonymous_6)","line":123,"loc":{"start":{"line":123,"column":33},"end":{"line":123,"column":48}},"skip":true},"7":{"name":"(anonymous_7)","line":125,"loc":{"start":{"line":125,"column":27},"end":{"line":125,"column":39}},"skip":true},"8":{"name":"(anonymous_8)","line":133,"loc":{"start":{"line":133,"column":59},"end":{"line":133,"column":74}},"skip":true},"9":{"name":"(anonymous_9)","line":143,"loc":{"start":{"line":143,"column":45},"end":{"line":143,"column":62}},"skip":true},"10":{"name":"(anonymous_10)","line":144,"loc":{"start":{"line":144,"column":73},"end":{"line":144,"column":92}},"skip":true},"11":{"name":"(anonymous_11)","line":272,"loc":{"start":{"line":272,"column":51},"end":{"line":272,"column":77}},"skip":true},"12":{"name":"(anonymous_12)","line":315,"loc":{"start":{"line":315,"column":32},"end":{"line":315,"column":61}},"skip":true}},"statementMap":{"1":{"start":{"line":26,"column":0},"end":{"line":326,"column":5}},"2":{"start":{"line":28,"column":4},"end":{"line":28,"column":14}},"3":{"start":{"line":33,"column":4},"end":{"line":60,"column":9}},"4":{"start":{"line":35,"column":8},"end":{"line":35,"column":19}},"5":{"start":{"line":37,"column":8},"end":{"line":49,"column":13}},"6":{"start":{"line":38,"column":12},"end":{"line":48,"column":13}},"7":{"start":{"line":39,"column":16},"end":{"line":42,"column":30}},"8":{"start":{"line":44,"column":16},"end":{"line":47,"column":27}},"9":{"start":{"line":51,"column":8},"end":{"line":53,"column":21}},"10":{"start":{"line":55,"column":8},"end":{"line":57,"column":45}},"11":{"start":{"line":59,"column":8},"end":{"line":59,"column":35}},"12":{"start":{"line":61,"column":4},"end":{"line":325,"column":5}},"13":{"start":{"line":69,"column":8},"end":{"line":121,"column":10},"skip":true},"14":{"start":{"line":70,"column":12},"end":{"line":88,"column":13},"skip":true},"15":{"start":{"line":76,"column":16},"end":{"line":87,"column":19},"skip":true},"16":{"start":{"line":79,"column":20},"end":{"line":86,"column":21},"skip":true},"17":{"start":{"line":82,"column":24},"end":{"line":82,"column":43},"skip":true},"18":{"start":{"line":83,"column":24},"end":{"line":83,"column":30},"skip":true},"19":{"start":{"line":85,"column":24},"end":{"line":85,"column":49},"skip":true},"20":{"start":{"line":89,"column":12},"end":{"line":107,"column":13},"skip":true},"21":{"start":{"line":92,"column":16},"end":{"line":102,"column":17},"skip":true},"22":{"start":{"line":93,"column":20},"end":{"line":93,"column":86},"skip":true},"23":{"start":{"line":94,"column":20},"end":{"line":95,"column":45},"skip":true},"24":{"start":{"line":96,"column":20},"end":{"line":96,"column":42},"skip":true},"25":{"start":{"line":97,"column":20},"end":{"line":97,"column":48},"skip":true},"26":{"start":{"line":100,"column":20},"end":{"line":100,"column":85},"skip":true},"27":{"start":{"line":101,"column":20},"end":{"line":101,"column":96},"skip":true},"28":{"start":{"line":103,"column":16},"end":{"line":103,"column":22},"skip":true},"29":{"start":{"line":106,"column":16},"end":{"line":106,"column":22},"skip":true},"30":{"start":{"line":108,"column":12},"end":{"line":120,"column":13},"skip":true},"31":{"start":{"line":114,"column":16},"end":{"line":119,"column":17},"skip":true},"32":{"start":{"line":116,"column":20},"end":{"line":116,"column":78},"skip":true},"33":{"start":{"line":118,"column":20},"end":{"line":118,"column":47},"skip":true},"34":{"start":{"line":123,"column":8},"end":{"line":141,"column":11},"skip":true},"35":{"start":{"line":124,"column":12},"end":{"line":124,"column":54},"skip":true},"36":{"start":{"line":125,"column":12},"end":{"line":140,"column":14},"skip":true},"37":{"start":{"line":126,"column":16},"end":{"line":126,"column":28},"skip":true},"38":{"start":{"line":127,"column":16},"end":{"line":127,"column":69},"skip":true},"39":{"start":{"line":128,"column":16},"end":{"line":128,"column":75},"skip":true},"40":{"start":{"line":129,"column":16},"end":{"line":131,"column":17},"skip":true},"41":{"start":{"line":130,"column":20},"end":{"line":130,"column":27},"skip":true},"42":{"start":{"line":133,"column":16},"end":{"line":137,"column":36},"skip":true},"43":{"start":{"line":134,"column":20},"end":{"line":136,"column":55},"skip":true},"44":{"start":{"line":139,"column":16},"end":{"line":139,"column":57},"skip":true},"45":{"start":{"line":143,"column":8},"end":{"line":147,"column":11},"skip":true},"46":{"start":{"line":144,"column":12},"end":{"line":146,"column":15},"skip":true},"47":{"start":{"line":145,"column":16},"end":{"line":145,"column":70},"skip":true},"48":{"start":{"line":149,"column":8},"end":{"line":149,"column":31},"skip":true},"49":{"start":{"line":150,"column":8},"end":{"line":150,"column":14},"skip":true},"50":{"start":{"line":158,"column":8},"end":{"line":158,"column":31},"skip":true},"51":{"start":{"line":160,"column":8},"end":{"line":160,"column":33},"skip":true},"52":{"start":{"line":161,"column":8},"end":{"line":161,"column":37},"skip":true},"53":{"start":{"line":162,"column":8},"end":{"line":162,"column":35},"skip":true},"54":{"start":{"line":164,"column":8},"end":{"line":164,"column":50},"skip":true},"55":{"start":{"line":166,"column":8},"end":{"line":256,"column":2},"skip":true},"56":{"start":{"line":258,"column":8},"end":{"line":286,"column":9},"skip":true},"57":{"start":{"line":259,"column":12},"end":{"line":269,"column":14},"skip":true},"58":{"start":{"line":271,"column":12},"end":{"line":285,"column":19},"skip":true},"59":{"start":{"line":274,"column":20},"end":{"line":274,"column":35},"skip":true},"60":{"start":{"line":275,"column":20},"end":{"line":284,"column":21},"skip":true},"61":{"start":{"line":277,"column":24},"end":{"line":277,"column":64},"skip":true},"62":{"start":{"line":279,"column":24},"end":{"line":279,"column":40},"skip":true},"63":{"start":{"line":281,"column":24},"end":{"line":281,"column":40},"skip":true},"64":{"start":{"line":283,"column":24},"end":{"line":283,"column":39},"skip":true},"65":{"start":{"line":288,"column":8},"end":{"line":290,"column":9},"skip":true},"66":{"start":{"line":289,"column":12},"end":{"line":289,"column":18},"skip":true},"67":{"start":{"line":291,"column":8},"end":{"line":293,"column":54},"skip":true},"68":{"start":{"line":296,"column":8},"end":{"line":301,"column":37},"skip":true},"69":{"start":{"line":303,"column":8},"end":{"line":303,"column":82},"skip":true},"70":{"start":{"line":306,"column":8},"end":{"line":308,"column":9},"skip":true},"71":{"start":{"line":307,"column":12},"end":{"line":307,"column":82},"skip":true},"72":{"start":{"line":310,"column":8},"end":{"line":312,"column":9},"skip":true},"73":{"start":{"line":311,"column":12},"end":{"line":311,"column":18},"skip":true},"74":{"start":{"line":313,"column":8},"end":{"line":313,"column":54},"skip":true},"75":{"start":{"line":314,"column":8},"end":{"line":314,"column":69},"skip":true},"76":{"start":{"line":315,"column":8},"end":{"line":323,"column":36},"skip":true},"77":{"start":{"line":316,"column":12},"end":{"line":316,"column":61},"skip":true},"78":{"start":{"line":317,"column":12},"end":{"line":320,"column":13},"skip":true},"79":{"start":{"line":318,"column":16},"end":{"line":318,"column":75},"skip":true},"80":{"start":{"line":319,"column":16},"end":{"line":319,"column":23},"skip":true},"81":{"start":{"line":321,"column":12},"end":{"line":321,"column":38},"skip":true},"82":{"start":{"line":322,"column":12},"end":{"line":322,"column":27},"skip":true},"83":{"start":{"line":324,"column":8},"end":{"line":324,"column":14},"skip":true}},"branchMap":{"1":{"line":39,"type":"binary-expr","locations":[{"start":{"line":39,"column":23},"end":{"line":39,"column":62}},{"start":{"line":40,"column":20},"end":{"line":40,"column":70}},{"start":{"line":41,"column":20},"end":{"line":41,"column":71}},{"start":{"line":42,"column":20},"end":{"line":42,"column":29}}]},"2":{"line":44,"type":"binary-expr","locations":[{"start":{"line":44,"column":23},"end":{"line":44,"column":37}},{"start":{"line":45,"column":20},"end":{"line":45,"column":61}},{"start":{"line":46,"column":20},"end":{"line":46,"column":70}},{"start":{"line":47,"column":20},"end":{"line":47,"column":26}}]},"3":{"line":51,"type":"cond-expr","locations":[{"start":{"line":52,"column":14},"end":{"line":52,"column":20}},{"start":{"line":53,"column":14},"end":{"line":53,"column":20}}]},"4":{"line":55,"type":"binary-expr","locations":[{"start":{"line":55,"column":16},"end":{"line":55,"column":44}},{"start":{"line":55,"column":49},"end":{"line":57,"column":43}}]},"5":{"line":55,"type":"cond-expr","locations":[{"start":{"line":56,"column":14},"end":{"line":56,"column":54}},{"start":{"line":57,"column":14},"end":{"line":57,"column":43}}]},"6":{"line":61,"type":"switch","locations":[{"start":{"line":68,"column":4},"end":{"line":150,"column":14},"skip":true},{"start":{"line":156,"column":4},"end":{"line":324,"column":14},"skip":true}]},"7":{"line":70,"type":"if","locations":[{"start":{"line":70,"column":12},"end":{"line":70,"column":12},"skip":true},{"start":{"line":70,"column":12},"end":{"line":70,"column":12},"skip":true}]},"8":{"line":70,"type":"binary-expr","locations":[{"start":{"line":70,"column":16},"end":{"line":70,"column":22},"skip":true},{"start":{"line":70,"column":27},"end":{"line":70,"column":32},"skip":true},{"start":{"line":71,"column":20},"end":{"line":71,"column":39},"skip":true},{"start":{"line":72,"column":20},"end":{"line":72,"column":49},"skip":true},{"start":{"line":73,"column":20},"end":{"line":73,"column":58},"skip":true},{"start":{"line":74,"column":20},"end":{"line":74,"column":69},"skip":true}]},"9":{"line":79,"type":"switch","locations":[{"start":{"line":80,"column":20},"end":{"line":80,"column":33},"skip":true},{"start":{"line":81,"column":20},"end":{"line":83,"column":30},"skip":true},{"start":{"line":84,"column":20},"end":{"line":85,"column":49},"skip":true}]},"10":{"line":89,"type":"switch","locations":[{"start":{"line":90,"column":12},"end":{"line":103,"column":22},"skip":true},{"start":{"line":105,"column":12},"end":{"line":106,"column":22},"skip":true}]},"11":{"line":89,"type":"binary-expr","locations":[{"start":{"line":89,"column":20},"end":{"line":89,"column":25},"skip":true},{"start":{"line":89,"column":29},"end":{"line":89,"column":48},"skip":true},{"start":{"line":89,"column":52},"end":{"line":89,"column":74},"skip":true}]},"12":{"line":92,"type":"if","locations":[{"start":{"line":92,"column":16},"end":{"line":92,"column":16},"skip":true},{"start":{"line":92,"column":16},"end":{"line":92,"column":16},"skip":true}]},"13":{"line":108,"type":"if","locations":[{"start":{"line":108,"column":12},"end":{"line":108,"column":12},"skip":true},{"start":{"line":108,"column":12},"end":{"line":108,"column":12},"skip":true}]},"14":{"line":108,"type":"binary-expr","locations":[{"start":{"line":108,"column":16},"end":{"line":108,"column":61},"skip":true},{"start":{"line":108,"column":66},"end":{"line":108,"column":72},"skip":true},{"start":{"line":108,"column":77},"end":{"line":108,"column":82},"skip":true},{"start":{"line":109,"column":20},"end":{"line":109,"column":39},"skip":true},{"start":{"line":110,"column":20},"end":{"line":110,"column":49},"skip":true},{"start":{"line":111,"column":20},"end":{"line":111,"column":58},"skip":true},{"start":{"line":112,"column":20},"end":{"line":112,"column":68},"skip":true}]},"15":{"line":129,"type":"if","locations":[{"start":{"line":129,"column":16},"end":{"line":129,"column":16},"skip":true},{"start":{"line":129,"column":16},"end":{"line":129,"column":16},"skip":true}]},"16":{"line":134,"type":"cond-expr","locations":[{"start":{"line":135,"column":26},"end":{"line":135,"column":29},"skip":true},{"start":{"line":136,"column":26},"end":{"line":136,"column":54},"skip":true}]},"17":{"line":164,"type":"binary-expr","locations":[{"start":{"line":164,"column":27},"end":{"line":164,"column":43},"skip":true},{"start":{"line":164,"column":47},"end":{"line":164,"column":49},"skip":true}]},"18":{"line":258,"type":"if","locations":[{"start":{"line":258,"column":8},"end":{"line":258,"column":8},"skip":true},{"start":{"line":258,"column":8},"end":{"line":258,"column":8},"skip":true}]},"19":{"line":275,"type":"switch","locations":[{"start":{"line":276,"column":20},"end":{"line":277,"column":64},"skip":true},{"start":{"line":278,"column":20},"end":{"line":279,"column":40},"skip":true},{"start":{"line":280,"column":20},"end":{"line":281,"column":40},"skip":true},{"start":{"line":282,"column":20},"end":{"line":283,"column":39},"skip":true}]},"20":{"line":288,"type":"if","locations":[{"start":{"line":288,"column":8},"end":{"line":288,"column":8},"skip":true},{"start":{"line":288,"column":8},"end":{"line":288,"column":8},"skip":true}]},"21":{"line":288,"type":"binary-expr","locations":[{"start":{"line":288,"column":12},"end":{"line":288,"column":40},"skip":true},{"start":{"line":288,"column":44},"end":{"line":288,"column":67},"skip":true}]},"22":{"line":292,"type":"binary-expr","locations":[{"start":{"line":292,"column":12},"end":{"line":292,"column":50},"skip":true},{"start":{"line":293,"column":12},"end":{"line":293,"column":53},"skip":true}]},"23":{"line":297,"type":"binary-expr","locations":[{"start":{"line":297,"column":12},"end":{"line":297,"column":68},"skip":true},{"start":{"line":298,"column":12},"end":{"line":301,"column":36},"skip":true}]},"24":{"line":303,"type":"binary-expr","locations":[{"start":{"line":303,"column":43},"end":{"line":303,"column":75},"skip":true},{"start":{"line":303,"column":79},"end":{"line":303,"column":81},"skip":true}]},"25":{"line":306,"type":"if","locations":[{"start":{"line":306,"column":8},"end":{"line":306,"column":8},"skip":true},{"start":{"line":306,"column":8},"end":{"line":306,"column":8},"skip":true}]},"26":{"line":310,"type":"if","locations":[{"start":{"line":310,"column":8},"end":{"line":310,"column":8},"skip":true},{"start":{"line":310,"column":8},"end":{"line":310,"column":8},"skip":true}]},"27":{"line":313,"type":"binary-expr","locations":[{"start":{"line":313,"column":27},"end":{"line":313,"column":43},"skip":true},{"start":{"line":313,"column":47},"end":{"line":313,"column":53},"skip":true}]},"28":{"line":317,"type":"if","locations":[{"start":{"line":317,"column":12},"end":{"line":317,"column":12},"skip":true},{"start":{"line":317,"column":12},"end":{"line":317,"column":12},"skip":true}]}},"code":["/*","example.js","","quickstart example","","instruction","    1. save this script as example.js","    2. run the shell command:","        $ npm install npmtest-rx-angular && PORT=8081 node example.js","    3. play with the browser-demo on http://127.0.0.1:8081","*/","","","","/* istanbul instrument in package npmtest_rx_angular */","/*jslint","    bitwise: true,","    browser: true,","    maxerr: 8,","    maxlen: 96,","    node: true,","    nomen: true,","    regexp: true,","    stupid: true","*/","(function () {","    'use strict';","    var local;","","","","    // run shared js-env code - pre-init","    (function () {","        // init local","        local = {};","        // init modeJs","        local.modeJs = (function () {","            try {","                return typeof navigator.userAgent === 'string' &&","                    typeof document.querySelector('body') === 'object' &&","                    typeof XMLHttpRequest.prototype.open === 'function' &&","                    'browser';","            } catch (errorCaughtBrowser) {","                return module.exports &&","                    typeof process.versions.node === 'string' &&","                    typeof require('http').createServer === 'function' &&","                    'node';","            }","        }());","        // init global","        local.global = local.modeJs === 'browser'","            ? window","            : global;","        // init utility2_rollup","        local = local.global.utility2_rollup || (local.modeJs === 'browser'","            ? local.global.utility2_npmtest_rx_angular","            : global.utility2_moduleExports);","        // export local","        local.global.local = local;","    }());","    switch (local.modeJs) {","","","","    // post-init","    // run browser js-env code - post-init","    /* istanbul ignore next */","    case 'browser':","        local.testRunBrowser = function (event) {","            if (!event || (event &&","                    event.currentTarget &&","                    event.currentTarget.className &&","                    event.currentTarget.className.includes &&","                    event.currentTarget.className.includes('onreset'))) {","                // reset output","                Array.from(","                    document.querySelectorAll('body > .resettable')","                ).forEach(function (element) {","                    switch (element.tagName) {","                    case 'INPUT':","                    case 'TEXTAREA':","                        element.value = '';","                        break;","                    default:","                        element.textContent = '';","                    }","                });","            }","            switch (event && event.currentTarget && event.currentTarget.id) {","            case 'testRunButton1':","                // show tests","                if (document.querySelector('#testReportDiv1').style.display === 'none') {","                    document.querySelector('#testReportDiv1').style.display = 'block';","                    document.querySelector('#testRunButton1').textContent =","                        'hide internal test';","                    local.modeTest = true;","                    local.testRunDefault(local);","                // hide tests","                } else {","                    document.querySelector('#testReportDiv1').style.display = 'none';","                    document.querySelector('#testRunButton1').textContent = 'run internal test';","                }","                break;","            // custom-case","            default:","                break;","            }","            if (document.querySelector('#inputTextareaEval1') && (!event || (event &&","                    event.currentTarget &&","                    event.currentTarget.className &&","                    event.currentTarget.className.includes &&","                    event.currentTarget.className.includes('oneval')))) {","                // try to eval input-code","                try {","                    /*jslint evil: true*/","                    eval(document.querySelector('#inputTextareaEval1').value);","                } catch (errorCaught) {","                    console.error(errorCaught);","                }","            }","        };","        // log stderr and stdout to #outputTextareaStdout1","        ['error', 'log'].forEach(function (key) {","            console[key + '_original'] = console[key];","            console[key] = function () {","                var element;","                console[key + '_original'].apply(console, arguments);","                element = document.querySelector('#outputTextareaStdout1');","                if (!element) {","                    return;","                }","                // append text to #outputTextareaStdout1","                element.value += Array.from(arguments).map(function (arg) {","                    return typeof arg === 'string'","                        ? arg","                        : JSON.stringify(arg, null, 4);","                }).join(' ') + '\\n';","                // scroll textarea to bottom","                element.scrollTop = element.scrollHeight;","            };","        });","        // init event-handling","        ['change', 'click', 'keyup'].forEach(function (event) {","            Array.from(document.querySelectorAll('.on' + event)).forEach(function (element) {","                element.addEventListener(event, local.testRunBrowser);","            });","        });","        // run tests","        local.testRunBrowser();","        break;","","","","    // run node js-env code - post-init","    /* istanbul ignore next */","    case 'node':","        // export local","        module.exports = local;","        // require modules","        local.fs = require('fs');","        local.http = require('http');","        local.url = require('url');","        // init assets","        local.assetsDict = local.assetsDict || {};","        /* jslint-ignore-begin */","        local.assetsDict['/assets.index.template.html'] = '\\","<!doctype html>\\n\\","<html lang=\"en\">\\n\\","<head>\\n\\","<meta charset=\"UTF-8\">\\n\\","<meta name=\"viewport\" content=\"width=device-width, initial-scale=1\">\\n\\","<title>{{env.npm_package_name}} (v{{env.npm_package_version}})</title>\\n\\","<style>\\n\\","/*csslint\\n\\","    box-sizing: false,\\n\\","    universal-selector: false\\n\\","*/\\n\\","* {\\n\\","    box-sizing: border-box;\\n\\","}\\n\\","body {\\n\\","    background: #dde;\\n\\","    font-family: Arial, Helvetica, sans-serif;\\n\\","    margin: 2rem;\\n\\","}\\n\\","body > * {\\n\\","    margin-bottom: 1rem;\\n\\","}\\n\\",".utility2FooterDiv {\\n\\","    margin-top: 20px;\\n\\","    text-align: center;\\n\\","}\\n\\","</style>\\n\\","<style>\\n\\","/*csslint\\n\\","*/\\n\\","textarea {\\n\\","    font-family: monospace;\\n\\","    height: 10rem;\\n\\","    width: 100%;\\n\\","}\\n\\","textarea[readonly] {\\n\\","    background: #ddd;\\n\\","}\\n\\","</style>\\n\\","</head>\\n\\","<body>\\n\\","<!-- utility2-comment\\n\\","<div id=\"ajaxProgressDiv1\" style=\"background: #d00; height: 2px; left: 0; margin: 0; padding: 0; position: fixed; top: 0; transition: background 0.5s, width 1.5s; width: 25%;\"></div>\\n\\","utility2-comment -->\\n\\","<h1>\\n\\","<!-- utility2-comment\\n\\","    <a\\n\\","        {{#if env.npm_package_homepage}}\\n\\","        href=\"{{env.npm_package_homepage}}\"\\n\\","        {{/if env.npm_package_homepage}}\\n\\","        target=\"_blank\"\\n\\","    >\\n\\","utility2-comment -->\\n\\","        {{env.npm_package_name}} (v{{env.npm_package_version}})\\n\\","<!-- utility2-comment\\n\\","    </a>\\n\\","utility2-comment -->\\n\\","</h1>\\n\\","<h3>{{env.npm_package_description}}</h3>\\n\\","<!-- utility2-comment\\n\\","<h4><a download href=\"assets.app.js\">download standalone app</a></h4>\\n\\","<button class=\"onclick onreset\" id=\"testRunButton1\">run internal test</button><br>\\n\\","<div id=\"testReportDiv1\" style=\"display: none;\"></div>\\n\\","utility2-comment -->\\n\\","\\n\\","\\n\\","\\n\\","<label>stderr and stdout</label>\\n\\","<textarea class=\"resettable\" id=\"outputTextareaStdout1\" readonly></textarea>\\n\\","<!-- utility2-comment\\n\\","{{#if isRollup}}\\n\\","<script src=\"assets.app.js\"></script>\\n\\","{{#unless isRollup}}\\n\\","utility2-comment -->\\n\\","<script src=\"assets.utility2.rollup.js\"></script>\\n\\","<script src=\"jsonp.utility2._stateInit?callback=window.utility2._stateInit\"></script>\\n\\","<script src=\"assets.npmtest_rx_angular.rollup.js\"></script>\\n\\","<script src=\"assets.example.js\"></script>\\n\\","<script src=\"assets.test.js\"></script>\\n\\","<!-- utility2-comment\\n\\","{{/if isRollup}}\\n\\","utility2-comment -->\\n\\","<div class=\"utility2FooterDiv\">\\n\\","    [ this app was created with\\n\\","    <a href=\"https://github.com/kaizhu256/node-utility2\" target=\"_blank\">utility2</a>\\n\\","    ]\\n\\","</div>\\n\\","</body>\\n\\","</html>\\n\\","';","        /* jslint-ignore-end */","        if (local.templateRender) {","            local.assetsDict['/'] = local.templateRender(","                local.assetsDict['/assets.index.template.html'],","                {","                    env: local.objectSetDefault(local.env, {","                        npm_package_description: 'the greatest app in the world!',","                        npm_package_name: 'my-app',","                        npm_package_nameAlias: 'my_app',","                        npm_package_version: '0.0.1'","                    })","                }","            );","        } else {","            local.assetsDict['/'] = local.assetsDict['/assets.index.template.html']","                .replace((/\\{\\{env\\.(\\w+?)\\}\\}/g), function (match0, match1) {","                    // jslint-hack","                    String(match0);","                    switch (match1) {","                    case 'npm_package_description':","                        return 'the greatest app in the world!';","                    case 'npm_package_name':","                        return 'my-app';","                    case 'npm_package_nameAlias':","                        return 'my_app';","                    case 'npm_package_version':","                        return '0.0.1';","                    }","                });","        }","        // run the cli","        if (local.global.utility2_rollup || module !== require.main) {","            break;","        }","        local.assetsDict['/assets.example.js'] =","            local.assetsDict['/assets.example.js'] ||","            local.fs.readFileSync(__filename, 'utf8');","        // bug-workaround - long $npm_package_buildCustomOrg","        /* jslint-ignore-begin */","        local.assetsDict['/assets.npmtest_rx_angular.rollup.js'] =","            local.assetsDict['/assets.npmtest_rx_angular.rollup.js'] ||","            local.fs.readFileSync(","                local.npmtest_rx_angular.__dirname + '/lib.npmtest_rx_angular.js',","                'utf8'","            ).replace((/^#!/), '//');","        /* jslint-ignore-end */","        local.assetsDict['/favicon.ico'] = local.assetsDict['/favicon.ico'] || '';","        // if $npm_config_timeout_exit exists,","        // then exit this process after $npm_config_timeout_exit ms","        if (Number(process.env.npm_config_timeout_exit)) {","            setTimeout(process.exit, Number(process.env.npm_config_timeout_exit));","        }","        // start server","        if (local.global.utility2_serverHttp1) {","            break;","        }","        process.env.PORT = process.env.PORT || '8081';","        console.error('server starting on port ' + process.env.PORT);","        local.http.createServer(function (request, response) {","            request.urlParsed = local.url.parse(request.url);","            if (local.assetsDict[request.urlParsed.pathname] !== undefined) {","                response.end(local.assetsDict[request.urlParsed.pathname]);","                return;","            }","            response.statusCode = 404;","            response.end();","        }).listen(process.env.PORT);","        break;","    }","}());",""],"l":{"26":2,"28":2,"33":2,"35":2,"37":2,"38":2,"39":2,"44":1,"51":2,"55":2,"59":2,"61":2,"69":1,"70":2,"76":2,"79":2,"82":2,"83":2,"85":1,"89":2,"92":1,"93":1,"94":1,"96":1,"97":1,"100":1,"101":1,"103":1,"106":1,"108":2,"114":1,"116":1,"118":1,"123":1,"124":2,"125":2,"126":3,"127":3,"128":3,"129":3,"130":1,"133":3,"134":3,"139":3,"143":1,"144":3,"145":1,"149":1,"150":1,"158":1,"160":1,"161":1,"162":1,"164":1,"166":1,"258":1,"259":1,"271":1,"274":6,"275":6,"277":1,"279":2,"281":1,"283":2,"288":1,"289":1,"291":1,"296":1,"303":1,"306":1,"307":1,"310":1,"311":1,"313":1,"314":1,"315":1,"316":1,"317":1,"318":1,"319":1,"321":1,"322":1,"324":1}},"/home/travis/build/npmtest/node-npmtest-rx-angular/node_modules/rx-angular/index.js":{"path":"/home/travis/build/npmtest/node-npmtest-rx-angular/node_modules/rx-angular/index.js","s":{"1":2},"b":{},"f":{},"fnMap":{},"statementMap":{"1":{"start":{"line":1,"column":0},"end":{"line":1,"column":46}}},"branchMap":{},"code":["module.exports = require('./dist/rx.angular');",""],"l":{"1":2}},"/home/travis/build/npmtest/node-npmtest-rx-angular/node_modules/rx-angular/dist/rx.angular.js":{"path":"/home/travis/build/npmtest/node-npmtest-rx-angular/node_modules/rx-angular/dist/rx.angular.js","s":{"1":2,"2":2,"3":2,"4":2,"5":2,"6":2,"7":0,"8":0,"9":0,"10":2,"11":2,"12":0,"13":0,"14":1,"15":0,"16":0,"17":0,"18":0,"19":0,"20":1,"21":0,"22":0,"23":0,"24":1,"25":0,"26":0,"27":0,"28":0,"29":0,"30":0,"31":1,"32":0,"33":0,"34":0,"35":0,"36":0,"37":0,"38":0,"39":0,"40":0,"41":0,"42":0,"43":0,"44":0,"45":0,"46":0,"47":0,"48":0,"49":0,"50":0,"51":1,"52":0,"53":0,"54":0,"55":0,"56":0,"57":0,"58":0,"59":0,"60":0,"61":0,"62":0,"63":0,"64":0,"65":0,"66":1,"67":0,"68":0,"69":0,"70":0,"71":1,"72":0,"73":0,"74":0,"75":0,"76":1,"77":0,"78":0,"79":0,"80":0,"81":0,"82":0,"83":0,"84":0,"85":0,"86":1,"87":0,"88":0,"89":0,"90":0,"91":0,"92":0,"93":0,"94":0,"95":0,"96":0,"97":0,"98":0,"99":0,"100":0,"101":0,"102":0,"103":0,"104":1,"105":0,"106":0,"107":0,"108":0,"109":0,"110":0,"111":0,"112":1,"113":0,"114":0,"115":0,"116":0,"117":0,"118":0,"119":0,"120":1,"121":0,"122":0,"123":0,"124":0,"125":0,"126":0,"127":0,"128":1,"129":0,"130":0,"131":0,"132":0,"133":0,"134":0,"135":0,"136":0,"137":0,"138":0,"139":0,"140":0,"141":0,"142":0,"143":0,"144":0,"145":0,"146":0,"147":0,"148":0,"149":0,"150":0,"151":0,"152":0,"153":1,"154":0,"155":0,"156":0,"157":0,"158":0,"159":0,"160":0,"161":0,"162":0,"163":0,"164":0,"165":0,"166":0,"167":0,"168":0,"169":0,"170":1,"171":0,"172":0,"173":0,"174":0,"175":0,"176":0,"177":0,"178":0,"179":0,"180":0,"181":0,"182":0,"183":0,"184":0,"185":0,"186":0,"187":0,"188":0,"189":0,"190":1,"191":0,"192":0,"193":0,"194":0,"195":0,"196":0,"197":0,"198":0,"199":0,"200":0,"201":0,"202":0,"203":0,"204":0,"205":0,"206":0,"207":0,"208":0,"209":0,"210":0,"211":0,"212":0,"213":0,"214":0,"215":0,"216":0,"217":0,"218":0,"219":0,"220":0,"221":0,"222":0,"223":0,"224":0,"225":0,"226":0,"227":0,"228":0,"229":0,"230":0,"231":0,"232":0,"233":0},"b":{"1":[2,0,2],"2":[2,2,2,2],"3":[2,2,2,2],"4":[2,2,2],"5":[2,2],"6":[2,0],"7":[2,2,0],"8":[0,2],"9":[2,0],"10":[2,0],"11":[2,2,2],"12":[0,0],"13":[0,0],"14":[0,0],"15":[0,0],"16":[0,0],"17":[0,0],"18":[0,0],"19":[0,0],"20":[0,0],"21":[0,0],"22":[0,0],"23":[0,0],"24":[0,0],"25":[0,0],"26":[0,0],"27":[0,0],"28":[0,0],"29":[0,0],"30":[0,0],"31":[0,0],"32":[0,0],"33":[0,0],"34":[0,0],"35":[0,0],"36":[0,0],"37":[0,0],"38":[0,0],"39":[0,0],"40":[0,0],"41":[0,0],"42":[0,0],"43":[0,0],"44":[0,0]},"f":{"1":2,"2":0,"3":0,"4":0,"5":0,"6":0,"7":0,"8":0,"9":0,"10":0,"11":0,"12":0,"13":0,"14":0,"15":0,"16":0,"17":0,"18":0,"19":0,"20":0,"21":0,"22":0,"23":0,"24":0,"25":0,"26":0,"27":0,"28":0,"29":0,"30":0,"31":0,"32":0,"33":0,"34":0,"35":0,"36":0,"37":0,"38":0,"39":0,"40":0,"41":0,"42":0,"43":0,"44":0,"45":0,"46":0,"47":0,"48":0,"49":0,"50":0,"51":0,"52":0,"53":0,"54":0,"55":0,"56":0,"57":0,"58":0,"59":0,"60":0,"61":0,"62":0,"63":0,"64":0,"65":0,"66":0,"67":0,"68":0,"69":0,"70":0,"71":0,"72":0,"73":0,"74":0,"75":0,"76":0,"77":0,"78":0,"79":0},"fnMap":{"1":{"name":"(anonymous_1)","line":3,"loc":{"start":{"line":3,"column":2},"end":{"line":3,"column":27}}},"2":{"name":"(anonymous_2)","line":25,"loc":{"start":{"line":25,"column":41},"end":{"line":25,"column":73}}},"3":{"name":"(anonymous_3)","line":34,"loc":{"start":{"line":34,"column":8},"end":{"line":34,"column":55}}},"4":{"name":"tryCatcherGen","line":38,"loc":{"start":{"line":38,"column":0},"end":{"line":38,"column":39}}},"5":{"name":"tryCatcher","line":39,"loc":{"start":{"line":39,"column":9},"end":{"line":39,"column":31}}},"6":{"name":"tryCatch","line":49,"loc":{"start":{"line":49,"column":0},"end":{"line":49,"column":22}}},"7":{"name":"thrower","line":54,"loc":{"start":{"line":54,"column":0},"end":{"line":54,"column":20}}},"8":{"name":"(anonymous_8)","line":89,"loc":{"start":{"line":89,"column":37},"end":{"line":89,"column":55}}},"9":{"name":"(anonymous_9)","line":92,"loc":{"start":{"line":92,"column":36},"end":{"line":92,"column":56}}},"10":{"name":"CreateObservableFunction","line":94,"loc":{"start":{"line":94,"column":6},"end":{"line":94,"column":56}}},"11":{"name":"(anonymous_11)","line":101,"loc":{"start":{"line":101,"column":57},"end":{"line":101,"column":70}}},"12":{"name":"(anonymous_12)","line":103,"loc":{"start":{"line":103,"column":33},"end":{"line":103,"column":45}}},"13":{"name":"InnerDisposable","line":121,"loc":{"start":{"line":121,"column":6},"end":{"line":121,"column":43}}},"14":{"name":"(anonymous_14)","line":127,"loc":{"start":{"line":127,"column":42},"end":{"line":127,"column":54}}},"15":{"name":"(anonymous_15)","line":137,"loc":{"start":{"line":137,"column":34},"end":{"line":137,"column":74}}},"16":{"name":"(anonymous_16)","line":161,"loc":{"start":{"line":161,"column":44},"end":{"line":161,"column":57}}},"17":{"name":"(anonymous_17)","line":162,"loc":{"start":{"line":162,"column":26},"end":{"line":162,"column":46}}},"18":{"name":"ObserveOnScope","line":164,"loc":{"start":{"line":164,"column":6},"end":{"line":164,"column":47}}},"19":{"name":"createListener","line":171,"loc":{"start":{"line":171,"column":6},"end":{"line":171,"column":33}}},"20":{"name":"listener","line":172,"loc":{"start":{"line":172,"column":15},"end":{"line":172,"column":53}}},"21":{"name":"(anonymous_21)","line":177,"loc":{"start":{"line":177,"column":47},"end":{"line":177,"column":60}}},"22":{"name":"InnerDisposable","line":181,"loc":{"start":{"line":181,"column":6},"end":{"line":181,"column":35}}},"23":{"name":"(anonymous_23)","line":186,"loc":{"start":{"line":186,"column":42},"end":{"line":186,"column":54}}},"24":{"name":"(anonymous_24)","line":196,"loc":{"start":{"line":196,"column":11},"end":{"line":196,"column":60}}},"25":{"name":"noop","line":201,"loc":{"start":{"line":201,"column":2},"end":{"line":201,"column":19}}},"26":{"name":"(anonymous_26)","line":203,"loc":{"start":{"line":203,"column":38},"end":{"line":203,"column":83}}},"27":{"name":"(anonymous_27)","line":209,"loc":{"start":{"line":209,"column":17},"end":{"line":209,"column":29}}},"28":{"name":"(anonymous_28)","line":213,"loc":{"start":{"line":213,"column":8},"end":{"line":213,"column":23}}},"29":{"name":"(anonymous_29)","line":216,"loc":{"start":{"line":216,"column":26},"end":{"line":216,"column":38}}},"30":{"name":"(anonymous_30)","line":218,"loc":{"start":{"line":218,"column":8},"end":{"line":218,"column":24}}},"31":{"name":"(anonymous_31)","line":221,"loc":{"start":{"line":221,"column":26},"end":{"line":221,"column":38}}},"32":{"name":"(anonymous_32)","line":223,"loc":{"start":{"line":223,"column":8},"end":{"line":223,"column":19}}},"33":{"name":"(anonymous_33)","line":226,"loc":{"start":{"line":226,"column":26},"end":{"line":226,"column":38}}},"34":{"name":"(anonymous_34)","line":230,"loc":{"start":{"line":230,"column":31},"end":{"line":230,"column":50}}},"35":{"name":"(anonymous_35)","line":242,"loc":{"start":{"line":242,"column":57},"end":{"line":242,"column":81}}},"36":{"name":"(anonymous_36)","line":265,"loc":{"start":{"line":265,"column":21},"end":{"line":265,"column":63}}},"37":{"name":"(anonymous_37)","line":267,"loc":{"start":{"line":267,"column":44},"end":{"line":267,"column":64}}},"38":{"name":"listener","line":269,"loc":{"start":{"line":269,"column":18},"end":{"line":269,"column":57}}},"39":{"name":"(anonymous_39)","line":276,"loc":{"start":{"line":276,"column":40},"end":{"line":276,"column":50}}},"40":{"name":"(anonymous_40)","line":313,"loc":{"start":{"line":313,"column":21},"end":{"line":313,"column":47}}},"41":{"name":"(anonymous_41)","line":315,"loc":{"start":{"line":315,"column":44},"end":{"line":315,"column":64}}},"42":{"name":"listener","line":317,"loc":{"start":{"line":317,"column":18},"end":{"line":317,"column":57}}},"43":{"name":"(anonymous_43)","line":324,"loc":{"start":{"line":324,"column":40},"end":{"line":324,"column":50}}},"44":{"name":"(anonymous_44)","line":361,"loc":{"start":{"line":361,"column":21},"end":{"line":361,"column":48}}},"45":{"name":"(anonymous_45)","line":363,"loc":{"start":{"line":363,"column":44},"end":{"line":363,"column":64}}},"46":{"name":"listener","line":365,"loc":{"start":{"line":365,"column":18},"end":{"line":365,"column":57}}},"47":{"name":"(anonymous_47)","line":372,"loc":{"start":{"line":372,"column":40},"end":{"line":372,"column":50}}},"48":{"name":"(anonymous_48)","line":410,"loc":{"start":{"line":410,"column":17},"end":{"line":410,"column":47}}},"49":{"name":"(anonymous_49)","line":412,"loc":{"start":{"line":412,"column":40},"end":{"line":412,"column":60}}},"50":{"name":"listener","line":413,"loc":{"start":{"line":413,"column":14},"end":{"line":413,"column":35}}},"51":{"name":"(anonymous_51)","line":430,"loc":{"start":{"line":430,"column":36},"end":{"line":430,"column":46}}},"52":{"name":"(anonymous_52)","line":466,"loc":{"start":{"line":466,"column":17},"end":{"line":466,"column":50}}},"53":{"name":"(anonymous_53)","line":496,"loc":{"start":{"line":496,"column":17},"end":{"line":496,"column":39}}},"54":{"name":"(anonymous_54)","line":499,"loc":{"start":{"line":499,"column":23},"end":{"line":499,"column":38}}},"55":{"name":"(anonymous_55)","line":501,"loc":{"start":{"line":501,"column":23},"end":{"line":501,"column":37}}},"56":{"name":"(anonymous_56)","line":527,"loc":{"start":{"line":527,"column":26},"end":{"line":527,"column":43}}},"57":{"name":"(anonymous_57)","line":529,"loc":{"start":{"line":529,"column":28},"end":{"line":529,"column":48}}},"58":{"name":"DigestObservable","line":531,"loc":{"start":{"line":531,"column":6},"end":{"line":531,"column":54}}},"59":{"name":"(anonymous_59)","line":538,"loc":{"start":{"line":538,"column":49},"end":{"line":538,"column":62}}},"60":{"name":"(anonymous_60)","line":546,"loc":{"start":{"line":546,"column":36},"end":{"line":546,"column":48}}},"61":{"name":"(anonymous_61)","line":554,"loc":{"start":{"line":554,"column":26},"end":{"line":554,"column":46}}},"62":{"name":"DigestObserver","line":556,"loc":{"start":{"line":556,"column":6},"end":{"line":556,"column":53}}},"63":{"name":"(anonymous_63)","line":563,"loc":{"start":{"line":563,"column":38},"end":{"line":563,"column":51}}},"64":{"name":"(anonymous_64)","line":566,"loc":{"start":{"line":566,"column":29},"end":{"line":566,"column":40}}},"65":{"name":"(anonymous_65)","line":574,"loc":{"start":{"line":574,"column":39},"end":{"line":574,"column":52}}},"66":{"name":"(anonymous_66)","line":575,"loc":{"start":{"line":575,"column":43},"end":{"line":575,"column":55}}},"67":{"name":"(anonymous_67)","line":580,"loc":{"start":{"line":580,"column":37},"end":{"line":580,"column":60}}},"68":{"name":"(anonymous_68)","line":585,"loc":{"start":{"line":585,"column":44},"end":{"line":585,"column":65}}},"69":{"name":"ScopeScheduler","line":586,"loc":{"start":{"line":586,"column":4},"end":{"line":586,"column":36}}},"70":{"name":"(anonymous_70)","line":593,"loc":{"start":{"line":593,"column":40},"end":{"line":593,"column":65}}},"71":{"name":"(anonymous_71)","line":604,"loc":{"start":{"line":604,"column":10},"end":{"line":604,"column":22}}},"72":{"name":"(anonymous_72)","line":609,"loc":{"start":{"line":609,"column":47},"end":{"line":609,"column":81}}},"73":{"name":"(anonymous_73)","line":615,"loc":{"start":{"line":615,"column":26},"end":{"line":615,"column":38}}},"74":{"name":"(anonymous_74)","line":623,"loc":{"start":{"line":623,"column":12},"end":{"line":623,"column":24}}},"75":{"name":"(anonymous_75)","line":630,"loc":{"start":{"line":630,"column":29},"end":{"line":630,"column":41}}},"76":{"name":"(anonymous_76)","line":634,"loc":{"start":{"line":634,"column":48},"end":{"line":634,"column":81}}},"77":{"name":"(anonymous_77)","line":642,"loc":{"start":{"line":642,"column":27},"end":{"line":642,"column":39}}},"78":{"name":"(anonymous_78)","line":648,"loc":{"start":{"line":648,"column":37},"end":{"line":648,"column":49}}},"79":{"name":"(anonymous_79)","line":652,"loc":{"start":{"line":652,"column":34},"end":{"line":652,"column":46}}}},"statementMap":{"1":{"start":{"line":3,"column":1},"end":{"line":659,"column":4}},"2":{"start":{"line":4,"column":2},"end":{"line":11,"column":4}},"3":{"start":{"line":13,"column":2},"end":{"line":17,"column":54}},"4":{"start":{"line":19,"column":2},"end":{"line":21,"column":3}},"5":{"start":{"line":20,"column":4},"end":{"line":20,"column":22}},"6":{"start":{"line":24,"column":2},"end":{"line":33,"column":3}},"7":{"start":{"line":25,"column":4},"end":{"line":28,"column":7}},"8":{"start":{"line":26,"column":6},"end":{"line":26,"column":52}},"9":{"start":{"line":27,"column":6},"end":{"line":27,"column":21}},"10":{"start":{"line":29,"column":9},"end":{"line":33,"column":3}},"11":{"start":{"line":30,"column":4},"end":{"line":30,"column":86}},"12":{"start":{"line":32,"column":4},"end":{"line":32,"column":55}},"13":{"start":{"line":36,"column":0},"end":{"line":36,"column":23}},"14":{"start":{"line":38,"column":0},"end":{"line":47,"column":1}},"15":{"start":{"line":39,"column":2},"end":{"line":46,"column":4}},"16":{"start":{"line":40,"column":4},"end":{"line":45,"column":5}},"17":{"start":{"line":41,"column":6},"end":{"line":41,"column":51}},"18":{"start":{"line":43,"column":6},"end":{"line":43,"column":21}},"19":{"start":{"line":44,"column":6},"end":{"line":44,"column":22}},"20":{"start":{"line":49,"column":0},"end":{"line":52,"column":1}},"21":{"start":{"line":50,"column":2},"end":{"line":50,"column":80}},"22":{"start":{"line":50,"column":33},"end":{"line":50,"column":78}},"23":{"start":{"line":51,"column":2},"end":{"line":51,"column":27}},"24":{"start":{"line":54,"column":0},"end":{"line":56,"column":1}},"25":{"start":{"line":55,"column":2},"end":{"line":55,"column":10}},"26":{"start":{"line":78,"column":2},"end":{"line":78,"column":42}},"27":{"start":{"line":89,"column":2},"end":{"line":142,"column":6}},"28":{"start":{"line":90,"column":4},"end":{"line":90,"column":36}},"29":{"start":{"line":92,"column":4},"end":{"line":135,"column":26}},"30":{"start":{"line":93,"column":6},"end":{"line":93,"column":65}},"31":{"start":{"line":94,"column":6},"end":{"line":99,"column":7}},"32":{"start":{"line":95,"column":8},"end":{"line":95,"column":26}},"33":{"start":{"line":96,"column":8},"end":{"line":96,"column":26}},"34":{"start":{"line":97,"column":8},"end":{"line":97,"column":22}},"35":{"start":{"line":98,"column":8},"end":{"line":98,"column":29}},"36":{"start":{"line":101,"column":6},"end":{"line":119,"column":8}},"37":{"start":{"line":102,"column":8},"end":{"line":102,"column":26}},"38":{"start":{"line":103,"column":8},"end":{"line":116,"column":10}},"39":{"start":{"line":104,"column":10},"end":{"line":104,"column":60}},"40":{"start":{"line":105,"column":10},"end":{"line":105,"column":67}},"41":{"start":{"line":105,"column":42},"end":{"line":105,"column":65}},"42":{"start":{"line":107,"column":10},"end":{"line":115,"column":11}},"43":{"start":{"line":108,"column":12},"end":{"line":108,"column":56}},"44":{"start":{"line":109,"column":12},"end":{"line":109,"column":68}},"45":{"start":{"line":109,"column":39},"end":{"line":109,"column":66}},"46":{"start":{"line":110,"column":12},"end":{"line":110,"column":29}},"47":{"start":{"line":111,"column":17},"end":{"line":115,"column":11}},"48":{"start":{"line":112,"column":12},"end":{"line":112,"column":30}},"49":{"start":{"line":114,"column":12},"end":{"line":114,"column":27}},"50":{"start":{"line":118,"column":8},"end":{"line":118,"column":59}},"51":{"start":{"line":121,"column":6},"end":{"line":125,"column":7}},"52":{"start":{"line":122,"column":8},"end":{"line":122,"column":26}},"53":{"start":{"line":123,"column":8},"end":{"line":123,"column":26}},"54":{"start":{"line":124,"column":8},"end":{"line":124,"column":32}},"55":{"start":{"line":127,"column":6},"end":{"line":132,"column":8}},"56":{"start":{"line":128,"column":8},"end":{"line":131,"column":9}},"57":{"start":{"line":129,"column":10},"end":{"line":129,"column":33}},"58":{"start":{"line":130,"column":10},"end":{"line":130,"column":40}},"59":{"start":{"line":134,"column":6},"end":{"line":134,"column":38}},"60":{"start":{"line":137,"column":4},"end":{"line":139,"column":6}},"61":{"start":{"line":138,"column":6},"end":{"line":138,"column":93}},"62":{"start":{"line":141,"column":4},"end":{"line":141,"column":22}},"63":{"start":{"line":161,"column":2},"end":{"line":199,"column":6}},"64":{"start":{"line":162,"column":4},"end":{"line":194,"column":26}},"65":{"start":{"line":163,"column":6},"end":{"line":163,"column":55}},"66":{"start":{"line":164,"column":6},"end":{"line":169,"column":7}},"67":{"start":{"line":165,"column":8},"end":{"line":165,"column":28}},"68":{"start":{"line":166,"column":8},"end":{"line":166,"column":26}},"69":{"start":{"line":167,"column":8},"end":{"line":167,"column":22}},"70":{"start":{"line":168,"column":8},"end":{"line":168,"column":29}},"71":{"start":{"line":171,"column":6},"end":{"line":175,"column":7}},"72":{"start":{"line":172,"column":8},"end":{"line":174,"column":10}},"73":{"start":{"line":173,"column":10},"end":{"line":173,"column":63}},"74":{"start":{"line":177,"column":6},"end":{"line":179,"column":8}},"75":{"start":{"line":178,"column":8},"end":{"line":178,"column":96}},"76":{"start":{"line":181,"column":6},"end":{"line":184,"column":7}},"77":{"start":{"line":182,"column":8},"end":{"line":182,"column":22}},"78":{"start":{"line":183,"column":8},"end":{"line":183,"column":32}},"79":{"start":{"line":186,"column":6},"end":{"line":191,"column":8}},"80":{"start":{"line":187,"column":8},"end":{"line":190,"column":9}},"81":{"start":{"line":188,"column":10},"end":{"line":188,"column":21}},"82":{"start":{"line":189,"column":10},"end":{"line":189,"column":33}},"83":{"start":{"line":193,"column":6},"end":{"line":193,"column":28}},"84":{"start":{"line":196,"column":4},"end":{"line":198,"column":6}},"85":{"start":{"line":197,"column":6},"end":{"line":197,"column":72}},"86":{"start":{"line":201,"column":2},"end":{"line":201,"column":22}},"87":{"start":{"line":203,"column":2},"end":{"line":228,"column":4}},"88":{"start":{"line":204,"column":4},"end":{"line":204,"column":56}},"89":{"start":{"line":205,"column":4},"end":{"line":205,"column":59}},"90":{"start":{"line":206,"column":4},"end":{"line":206,"column":68}},"91":{"start":{"line":208,"column":4},"end":{"line":227,"column":11}},"92":{"start":{"line":210,"column":8},"end":{"line":210,"column":35}},"93":{"start":{"line":214,"column":10},"end":{"line":216,"column":57}},"94":{"start":{"line":216,"column":40},"end":{"line":216,"column":53}},"95":{"start":{"line":219,"column":10},"end":{"line":221,"column":59}},"96":{"start":{"line":221,"column":40},"end":{"line":221,"column":55}},"97":{"start":{"line":224,"column":10},"end":{"line":226,"column":57}},"98":{"start":{"line":226,"column":40},"end":{"line":226,"column":53}},"99":{"start":{"line":230,"column":2},"end":{"line":525,"column":6}},"100":{"start":{"line":242,"column":4},"end":{"line":524,"column":8}},"101":{"start":{"line":244,"column":6},"end":{"line":521,"column":9}},"102":{"start":{"line":266,"column":16},"end":{"line":266,"column":33}},"103":{"start":{"line":267,"column":16},"end":{"line":281,"column":40}},"104":{"start":{"line":269,"column":18},"end":{"line":271,"column":19}},"105":{"start":{"line":270,"column":20},"end":{"line":270,"column":80}},"106":{"start":{"line":274,"column":18},"end":{"line":274,"column":113}},"107":{"start":{"line":276,"column":18},"end":{"line":278,"column":21}},"108":{"start":{"line":277,"column":22},"end":{"line":277,"column":43}},"109":{"start":{"line":280,"column":18},"end":{"line":280,"column":36}},"110":{"start":{"line":314,"column":16},"end":{"line":314,"column":33}},"111":{"start":{"line":315,"column":16},"end":{"line":329,"column":40}},"112":{"start":{"line":317,"column":18},"end":{"line":319,"column":19}},"113":{"start":{"line":318,"column":20},"end":{"line":318,"column":80}},"114":{"start":{"line":322,"column":18},"end":{"line":322,"column":107}},"115":{"start":{"line":324,"column":18},"end":{"line":326,"column":21}},"116":{"start":{"line":325,"column":20},"end":{"line":325,"column":41}},"117":{"start":{"line":328,"column":18},"end":{"line":328,"column":36}},"118":{"start":{"line":362,"column":16},"end":{"line":362,"column":33}},"119":{"start":{"line":363,"column":16},"end":{"line":377,"column":40}},"120":{"start":{"line":365,"column":18},"end":{"line":367,"column":19}},"121":{"start":{"line":366,"column":20},"end":{"line":366,"column":80}},"122":{"start":{"line":370,"column":18},"end":{"line":370,"column":103}},"123":{"start":{"line":372,"column":18},"end":{"line":374,"column":21}},"124":{"start":{"line":373,"column":20},"end":{"line":373,"column":41}},"125":{"start":{"line":376,"column":18},"end":{"line":376,"column":36}},"126":{"start":{"line":411,"column":12},"end":{"line":411,"column":29}},"127":{"start":{"line":412,"column":12},"end":{"line":433,"column":36}},"128":{"start":{"line":413,"column":14},"end":{"line":425,"column":15}},"129":{"start":{"line":414,"column":16},"end":{"line":414,"column":66}},"130":{"start":{"line":415,"column":16},"end":{"line":415,"column":73}},"131":{"start":{"line":415,"column":48},"end":{"line":415,"column":71}},"132":{"start":{"line":416,"column":16},"end":{"line":424,"column":17}},"133":{"start":{"line":417,"column":18},"end":{"line":417,"column":68}},"134":{"start":{"line":418,"column":18},"end":{"line":418,"column":81}},"135":{"start":{"line":418,"column":45},"end":{"line":418,"column":79}},"136":{"start":{"line":419,"column":18},"end":{"line":419,"column":42}},"137":{"start":{"line":420,"column":23},"end":{"line":424,"column":17}},"138":{"start":{"line":421,"column":18},"end":{"line":421,"column":43}},"139":{"start":{"line":423,"column":18},"end":{"line":423,"column":40}},"140":{"start":{"line":428,"column":14},"end":{"line":428,"column":84}},"141":{"start":{"line":430,"column":14},"end":{"line":430,"column":73}},"142":{"start":{"line":430,"column":48},"end":{"line":430,"column":69}},"143":{"start":{"line":432,"column":14},"end":{"line":432,"column":32}},"144":{"start":{"line":467,"column":12},"end":{"line":467,"column":77}},"145":{"start":{"line":497,"column":12},"end":{"line":497,"column":29}},"146":{"start":{"line":498,"column":12},"end":{"line":508,"column":38}},"147":{"start":{"line":500,"column":16},"end":{"line":507,"column":21}},"148":{"start":{"line":502,"column":20},"end":{"line":506,"column":22}},"149":{"start":{"line":523,"column":6},"end":{"line":523,"column":23}},"150":{"start":{"line":527,"column":2},"end":{"line":583,"column":6}},"151":{"start":{"line":529,"column":4},"end":{"line":552,"column":26}},"152":{"start":{"line":530,"column":6},"end":{"line":530,"column":57}},"153":{"start":{"line":531,"column":6},"end":{"line":536,"column":7}},"154":{"start":{"line":532,"column":8},"end":{"line":532,"column":29}},"155":{"start":{"line":533,"column":8},"end":{"line":533,"column":29}},"156":{"start":{"line":534,"column":8},"end":{"line":534,"column":25}},"157":{"start":{"line":535,"column":8},"end":{"line":535,"column":29}},"158":{"start":{"line":538,"column":6},"end":{"line":549,"column":8}},"159":{"start":{"line":539,"column":8},"end":{"line":539,"column":50}},"160":{"start":{"line":540,"column":8},"end":{"line":542,"column":9}},"161":{"start":{"line":541,"column":10},"end":{"line":541,"column":83}},"162":{"start":{"line":544,"column":8},"end":{"line":544,"column":52}},"163":{"start":{"line":545,"column":8},"end":{"line":545,"column":95}},"164":{"start":{"line":546,"column":8},"end":{"line":546,"column":66}},"165":{"start":{"line":546,"column":50},"end":{"line":546,"column":62}},"166":{"start":{"line":548,"column":8},"end":{"line":548,"column":17}},"167":{"start":{"line":551,"column":6},"end":{"line":551,"column":30}},"168":{"start":{"line":554,"column":4},"end":{"line":578,"column":38}},"169":{"start":{"line":555,"column":6},"end":{"line":555,"column":55}},"170":{"start":{"line":556,"column":6},"end":{"line":561,"column":7}},"171":{"start":{"line":557,"column":8},"end":{"line":557,"column":19}},"172":{"start":{"line":558,"column":8},"end":{"line":558,"column":29}},"173":{"start":{"line":559,"column":8},"end":{"line":559,"column":37}},"174":{"start":{"line":560,"column":8},"end":{"line":560,"column":29}},"175":{"start":{"line":563,"column":6},"end":{"line":573,"column":8}},"176":{"start":{"line":564,"column":8},"end":{"line":571,"column":9}},"177":{"start":{"line":565,"column":10},"end":{"line":565,"column":27}},"178":{"start":{"line":566,"column":10},"end":{"line":568,"column":13}},"179":{"start":{"line":567,"column":12},"end":{"line":567,"column":46}},"180":{"start":{"line":570,"column":10},"end":{"line":570,"column":42}},"181":{"start":{"line":572,"column":8},"end":{"line":572,"column":25}},"182":{"start":{"line":574,"column":6},"end":{"line":574,"column":75}},"183":{"start":{"line":574,"column":54},"end":{"line":574,"column":72}},"184":{"start":{"line":575,"column":6},"end":{"line":575,"column":81}},"185":{"start":{"line":575,"column":57},"end":{"line":575,"column":78}},"186":{"start":{"line":577,"column":6},"end":{"line":577,"column":28}},"187":{"start":{"line":580,"column":4},"end":{"line":582,"column":6}},"188":{"start":{"line":581,"column":6},"end":{"line":581,"column":54}},"189":{"start":{"line":585,"column":2},"end":{"line":656,"column":19}},"190":{"start":{"line":586,"column":4},"end":{"line":589,"column":5}},"191":{"start":{"line":587,"column":6},"end":{"line":587,"column":27}},"192":{"start":{"line":588,"column":6},"end":{"line":588,"column":27}},"193":{"start":{"line":591,"column":4},"end":{"line":591,"column":53}},"194":{"start":{"line":593,"column":4},"end":{"line":607,"column":6}},"195":{"start":{"line":594,"column":6},"end":{"line":594,"column":66}},"196":{"start":{"line":594,"column":37},"end":{"line":594,"column":64}},"197":{"start":{"line":596,"column":6},"end":{"line":596,"column":52}},"198":{"start":{"line":597,"column":6},"end":{"line":597,"column":31}},"199":{"start":{"line":599,"column":6},"end":{"line":606,"column":7}},"200":{"start":{"line":600,"column":8},"end":{"line":600,"column":63}},"201":{"start":{"line":602,"column":8},"end":{"line":605,"column":10}},"202":{"start":{"line":604,"column":24},"end":{"line":604,"column":79}},"203":{"start":{"line":609,"column":4},"end":{"line":632,"column":6}},"204":{"start":{"line":610,"column":6},"end":{"line":610,"column":66}},"205":{"start":{"line":610,"column":37},"end":{"line":610,"column":64}},"206":{"start":{"line":612,"column":6},"end":{"line":612,"column":52}},"207":{"start":{"line":613,"column":6},"end":{"line":613,"column":31}},"208":{"start":{"line":615,"column":6},"end":{"line":626,"column":18}},"209":{"start":{"line":616,"column":8},"end":{"line":616,"column":78}},"210":{"start":{"line":616,"column":52},"end":{"line":616,"column":76}},"211":{"start":{"line":618,"column":8},"end":{"line":625,"column":9}},"212":{"start":{"line":619,"column":10},"end":{"line":619,"column":65}},"213":{"start":{"line":621,"column":10},"end":{"line":624,"column":12}},"214":{"start":{"line":623,"column":26},"end":{"line":623,"column":81}},"215":{"start":{"line":628,"column":6},"end":{"line":631,"column":8}},"216":{"start":{"line":630,"column":43},"end":{"line":630,"column":60}},"217":{"start":{"line":634,"column":4},"end":{"line":653,"column":6}},"218":{"start":{"line":635,"column":6},"end":{"line":635,"column":66}},"219":{"start":{"line":635,"column":37},"end":{"line":635,"column":64}},"220":{"start":{"line":637,"column":6},"end":{"line":637,"column":46}},"221":{"start":{"line":639,"column":6},"end":{"line":639,"column":31}},"222":{"start":{"line":640,"column":6},"end":{"line":640,"column":20}},"223":{"start":{"line":642,"column":6},"end":{"line":650,"column":17}},"224":{"start":{"line":643,"column":8},"end":{"line":643,"column":61}},"225":{"start":{"line":643,"column":34},"end":{"line":643,"column":59}},"226":{"start":{"line":645,"column":8},"end":{"line":649,"column":9}},"227":{"start":{"line":646,"column":10},"end":{"line":646,"column":24}},"228":{"start":{"line":648,"column":10},"end":{"line":648,"column":69}},"229":{"start":{"line":648,"column":51},"end":{"line":648,"column":65}},"230":{"start":{"line":652,"column":6},"end":{"line":652,"column":70}},"231":{"start":{"line":652,"column":48},"end":{"line":652,"column":66}},"232":{"start":{"line":655,"column":4},"end":{"line":655,"column":26}},"233":{"start":{"line":658,"column":2},"end":{"line":658,"column":12}}},"branchMap":{"1":{"line":13,"type":"binary-expr","locations":[{"start":{"line":13,"column":14},"end":{"line":13,"column":40}},{"start":{"line":13,"column":44},"end":{"line":13,"column":50}},{"start":{"line":13,"column":55},"end":{"line":13,"column":59}}]},"2":{"line":14,"type":"binary-expr","locations":[{"start":{"line":14,"column":18},"end":{"line":14,"column":45}},{"start":{"line":14,"column":49},"end":{"line":14,"column":56}},{"start":{"line":14,"column":60},"end":{"line":14,"column":77}},{"start":{"line":14,"column":81},"end":{"line":14,"column":88}}]},"3":{"line":15,"type":"binary-expr","locations":[{"start":{"line":15,"column":17},"end":{"line":15,"column":43}},{"start":{"line":15,"column":47},"end":{"line":15,"column":53}},{"start":{"line":15,"column":57},"end":{"line":15,"column":73}},{"start":{"line":15,"column":77},"end":{"line":15,"column":83}}]},"4":{"line":16,"type":"binary-expr","locations":[{"start":{"line":16,"column":20},"end":{"line":16,"column":30}},{"start":{"line":16,"column":34},"end":{"line":16,"column":68}},{"start":{"line":16,"column":72},"end":{"line":16,"column":83}}]},"5":{"line":17,"type":"binary-expr","locations":[{"start":{"line":17,"column":17},"end":{"line":1
[...]
indow.Rx;","  }]);","","  /**","  * @ngdoc service","  * @name rx.observeOnSope","  *","  * @requires rx.rx","  *","  * @description","  * An observer function that returns a function for a given `scope`,","  * `watchExpression` and `objectEquality` object. The returned function","  * delegates to an Angular watcher.","  *","  * @param {object} scope Scope object.","  * @param {(string|object)} watchExpression Watch expression.","  * @param {boolean} objectEquality Object to compare for object equality.","  *","  * @return {function} Factory function that creates obersables.","  */","  rxModule.factory('observeOnScope', ['rx', function(rx) {","    var ObserveOnScope = (function(__super__) {","      rx.internals.inherits(ObserveOnScope, __super__);","      function ObserveOnScope(scope, expr, eq) {","        this._scope = scope;","        this._expr = expr;","        this._eq = eq;","        __super__.call(this);","      }","","      function createListener(o) {","        return function listener(newValue, oldValue) {","          o.onNext({ oldValue: oldValue, newValue: newValue });","        };","      }","","      ObserveOnScope.prototype.subscribeCore = function (o) {","        return new InnerDisposable(this._scope.$watch(this._expr, createListener(o), this._eq));","      };","","      function InnerDisposable(fn) {","        this._fn = fn;","        this.isDisposed = false;","      }","","      InnerDisposable.prototype.dispose = function () {","        if (!this.isDisposed) {","          this._fn();","          this.isDisposed = true;","        }","      };","","      return ObserveOnScope;","    }(rx.ObservableBase));","","    return function(scope, watchExpression, objectEquality) {","      return new ObserveOnScope(scope, watchExpression, objectEquality);","    };","  }]);","","  function noop () { }","","  Rx.Observable.prototype.safeApply = function($scope, onNext, onError, onComplete){","    onNext = angular.isFunction(onNext) ? onNext : noop;","    onError = angular.isFunction(onError) ? onError : noop;","    onComplete = angular.isFunction(onComplete) ? onComplete : noop;","","    return this","      .takeWhile(function () {","        return !$scope.$$destroyed;","      })","      .tap(","        function (data){","          ($scope.$$phase || $scope.$root.$$phase) ?","            onNext(data) :","            $scope.$apply(function () { onNext(data); });","        },","        function (error){","          ($scope.$$phase || $scope.$root.$$phase) ?","            onError(error) :","            $scope.$apply(function () { onError(error); });","        },","        function (){","          ($scope.$$phase || $scope.$root.$$phase) ?","            onComplete() :","            $scope.$apply(function () { onComplete(); });","        });","  };","","  rxModule.config(['$provide', function($provide) {","    /**","     * @ngdoc service","     * @name rx.$rootScope","     *","     * @requires $delegate","     *","     * @description","     * `$rootScope` decorator that extends the existing `$rootScope` service","     * with additional methods. These methods are Rx related methods, such as","     * methods to create observables or observable functions.","     */","    $provide.decorator('$rootScope', ['$delegate', 'rx', function($delegate, rx) {","","      Object.defineProperties($delegate.constructor.prototype, {","        /**","           * @ngdoc property","           * @name rx.$rootScope.$toObservable","           *","           * @description","           * Provides a method to create observable methods.","           */","          '$toObservable': {","              /**","               * @ngdoc function","               * @name rx.$rootScope.$toObservable#value","               *","               * @description","               * Creates an observable from a watchExpression.","               *","               * @param {(function|string)} watchExpression A watch expression.","               * @param {boolean} objectEquality Compare object for equality.","               *","               * @return {object} Observable.","               */","              value: function(watchExpression, objectEquality) {","                var scope = this;","                return rx.Observable.create(function (observer) {","                  // Create function to handle old and new Value","                  function listener (newValue, oldValue) {","                    observer.onNext({ oldValue: oldValue, newValue: newValue });","                  }","","                  // Returns function which disconnects the $watch expression","                  var disposable = rx.Disposable.create(scope.$watch(watchExpression, listener, objectEquality));","","                  scope.$on('$destroy', function(){","                      disposable.dispose();","                  });","","                  return disposable;","                }).publish().refCount();","              },","              /**","               * @ngdoc property","               * @name rx.$rootScope.$toObservable#enumerable","               *","               * @description","               * Enumerable flag.","               */","              enumerable: false,","              configurable: true,","              writable: true","          },","          /**","           * @ngdoc property","           * @name rx.$rootScope.$toObservableCollection","           *","           * @description","           * Provides a method to create observable methods.","           */","          '$toObservableCollection': {","              /**","               * @ngdoc function","               * @name rx.$rootScope.$toObservableCollection#value","               *","               * @description","               * Creates an observable from a watchExpression.","               *","               * @param {(function|string)} watchExpression A watch expression.","               *","               * @return {object} Observable.","               */","              value: function(watchExpression) {","                var scope = this;","                return rx.Observable.create(function (observer) {","                  // Create function to handle old and new Value","                  function listener (newValue, oldValue) {","                    observer.onNext({ oldValue: oldValue, newValue: newValue });","                  }","","                  // Returns function which disconnects the $watch expression","                  var disposable = rx.Disposable.create(scope.$watchCollection(watchExpression, listener));","","                  scope.$on('$destroy', function(){","                    disposable.dispose();","                  });","","                  return disposable;","                }).publish().refCount();","              },","              /**","               * @ngdoc property","               * @name rx.$rootScope.$toObservableCollection#enumerable","               *","               * @description","               * Enumerable flag.","               */","              enumerable: false,","              configurable: true,","              writable: true","          },","          /**","           * @ngdoc property","           * @name rx.$rootScope.$toObservableGroup","           *","           * @description","           * Provides a method to create observable methods.","           */","          '$toObservableGroup': {","              /**","               * @ngdoc function","               * @name rx.$rootScope.$toObservableGroup#value","               *","               * @description","               * Creates an observable from a watchExpressions.","               *","               * @param {(function|string)} watchExpressions A watch expression.","               *","               * @return {object} Observable.","               */","              value: function(watchExpressions) {","                var scope = this;","                return rx.Observable.create(function (observer) {","                  // Create function to handle old and new Value","                  function listener (newValue, oldValue) {","                    observer.onNext({ oldValue: oldValue, newValue: newValue });","                  }","","                  // Returns function which disconnects the $watch expression","                  var disposable = rx.Disposable.create(scope.$watchGroup(watchExpressions, listener));","","                  scope.$on('$destroy', function(){","                    disposable.dispose();","                  });","","                  return disposable;","                }).publish().refCount();","              },","              /**","               * @ngdoc property","               * @name rx.$rootScope.$toObservableGroup#enumerable","               *","               * @description","               * Enumerable flag.","               */","              enumerable: false,","              configurable: true,","              writable: true","          },","        /**","         * @ngdoc property","         * @name rx.$rootScope.$eventToObservable","         *","         * @description","         * Provides a method to create observable methods.","         */","        '$eventToObservable': {","          /**","           * @ngdoc function","           * @name rx.$rootScope.$eventToObservable#value","           *","           * @description","           * Creates an Observable from an event which is fired on the local $scope.","           * Expects an event name as the only input parameter.","           *","           * @param {string} event name","           *","           * @return {object} Observable object.","           */","          value: function(eventName, selector) {","            var scope = this;","            return rx.Observable.create(function (observer) {","              function listener () {","                var len = arguments.length, args = new Array(len);","                for (var i = 0; i < len; i++) { args[i] = arguments[i]; }","                if (angular.isFunction(selector)) {","                  var result = tryCatch(selector).apply(null, args);","                  if (result === errorObj) { return observer.onError(result.e); }","                  observer.onNext(result);","                } else if (args.length === 1) {","                  observer.onNext(args[0]);","                } else {","                  observer.onNext(args);","                }","              }","","              // Returns function which disconnects from the event binding","              var disposable = rx.Disposable.create(scope.$on(eventName, listener));","","              scope.$on('$destroy', function(){ disposable.dispose(); });","","              return disposable;","            }).publish().refCount();","          },","          /**","           * @ngdoc property","           * @name rx.$rootScope.$eventToObservable#enumerable","           *","           * @description","           * Enumerable flag.","           */","          enumerable: false,","          configurable: true,","          writable: true","        },","        /**","         * @ngdoc property","         * @name rx.$rootScope.$createObservableFunction","         *","         * @description","         * Provides a method to create obsersables from functions.","         */","        '$createObservableFunction': {","          /**","           * @ngdoc function","           * @name rx.$rootScope.$createObservableFunction#value","           *","           * @description","           * Creates an observable from a given function.","           *","           * @param {string} functionName A function name to observe.","           * @param {function} listener A listener function that gets executed.","           *","           * @return {function} Remove listener function.","           */","          value: function(functionName, listener) {","            return rx.createObservableFunction(this, functionName, listener);","          },","          /**","           * @ngdoc property","           * @name rx.$rootScope.$createObservableFunction#enumerable","           *","           * @description","           * Enumerable flag.","           */","          enumerable: false,","          configurable: true,","          writable: true","        },","        /**","         * @ngdoc function","         * @name rx.$rootScope.$digestObservables#value","         *","         * @description","         * Digests the specified observables when they produce new values.","         * The scope variable / assignable expression specified by the observable's key","         *   is set to the new value.","         *","         * @param {object.<string, Rx.Observable>} obj A map where keys are scope properties","         *   (assignable expressions) and values are observables.","         *","         * @return {Rx.Observable.<{observable: Rx.Observable, expression: string, value: object}>}","         *   Observable of change objects.","         */","        '$digestObservables': {","          value: function(observables) {","            var scope = this;","            return rx.Observable.pairs(observables)","              .flatMap(function(pair) {","                return pair[1].digest(scope, pair[0])","                  .map(function(val) {","                    return {","                      observable: pair[1],","                      expression: pair[0],","                      value: val","                    };","                  });","              }).publish().refCount();","          },","          /**","           * @ngdoc property","           * @name rx.$rootScope.digestObservables#enumerable","           *","           * @description","           * Enumerable flag.","           */","          enumerable: false,","          configurable: true,","          writable: true","        }","      });","","      return $delegate;","    }]);","  }]);","","  rxModule.run(['$parse', function($parse) {","","    var DigestObservable = (function(__super__) {","      Rx.internals.inherits(DigestObservable, __super__);","      function DigestObservable(source, $scope, prop) {","        this.source = source;","        this.$scope = $scope;","        this.prop = prop;","        __super__.call(this);","      }","","      DigestObservable.prototype.subscribeCore = function (o) {","        var propSetter = $parse(this.prop).assign;","        if (!propSetter) {","          return o.onError(new Error('Property or expression is not assignable.'));","        }","","        var m = new Rx.SingleAssignmentDisposable();","        m.setDisposable(this.source.subscribe(new DigestObserver(o, this.$scope, propSetter)));","        this.$scope.$on('$destroy', function () { m.dispose(); });","","        return m;","      };","","      return DigestObservable;","    }(Rx.ObservableBase));","","    var DigestObserver = (function(__super__) {","      Rx.internals.inherits(DigestObserver, __super__);","      function DigestObserver(o, $scope, propSetter) {","        this.o = o;","        this.$scope = $scope;","        this.propSetter = propSetter;","        __super__.call(this);","      }","","      DigestObserver.prototype.next = function (x) {","        if (!this.$scope.$$phase) {","          var _this = this;","          this.$scope.$apply(function() {","            _this.propSetter(_this.$scope, x);","          });","        } else {","          this.propSetter(this.$scope, x);","        }","        this.o.onNext(x);","      };","      DigestObserver.prototype.error = function (e) { this.o.onError(e); };","      DigestObserver.prototype.completed = function () { this.o.onCompleted(); };","","      return DigestObserver;","    }(Rx.internals.AbstractObserver));","","    Rx.Observable.prototype.digest = function($scope, prop) {","      return new DigestObservable(this, $scope, prop);","    };","  }]);","","  var ScopeScheduler = Rx.ScopeScheduler = (function (__super__) {","    function ScopeScheduler($scope) {","      this.$scope = $scope;","      __super__.call(this);","    }","","    Rx.internals.inherits(ScopeScheduler, __super__);","","    ScopeScheduler.prototype.schedule = function (state, action) {","      if (this.$scope.$$destroyed) { return Rx.Disposable.empty; }","","      var sad = new Rx.SingleAssignmentDisposable();","      var $scope = this.$scope;","","      if ($scope.$$phase || $scope.$root.$$phase) {","        sad.setDisposable(Rx.Disposable._fixup(state(action)));","      } else {","        $scope.$apply.call(","          $scope,","          function () { sad.setDisposable(Rx.Disposable._fixup(state(action))); }","        );","      }","    };","","    ScopeScheduler.prototype._scheduleFuture = function (state, dueTime, action) {","      if (this.$scope.$$destroyed) { return Rx.Disposable.empty; }","","      var sad = new Rx.SingleAssignmentDisposable();","      var $scope = this.$scope;","","      var id = setTimeout(function () {","        if ($scope.$$destroyed || sad.isDisposed) { return clearTimeout(id); }","","        if ($scope.$$phase || $scope.$root.$$phase) {","          sad.setDisposable(Rx.Disposable._fixup(state(action)));","        } else {","          $scope.$apply.call(","            $scope,","            function () { sad.setDisposable(Rx.Disposable._fixup(state(action))); }","          );","        }","      }, dueTime);","","      return new Rx.BinaryDisposable(","        sad,","        Rx.Disposable.create(function () { clearTimeout(id); })","      );","    };","","    ScopeScheduler.prototype.schedulePeriodic = function (state, period, action) {","      if (this.$scope.$$destroyed) { return Rx.Disposable.empty; }","","      period = Rx.Scheduler.normalize(period);","","      var $scope = this.$scope;","      var s = state;","","      var id = setInterval(function () {","        if ($scope.$$destroyed) { return clearInterval(id); }","","        if ($scope.$$phase || $scope.$root.$$phase) {","          s = action(s);","        } else {","          $scope.$apply.call($scope, function () { s = action(s); });","        }","      }, period);","","      return Rx.Disposable.create(function () { clearInterval(id); });","    };","","    return ScopeScheduler;","  }(Rx.Scheduler));","","  return Rx;","}));"],"l":{"3":2,"4":2,"13":2,"19":2,"20":2,"24":2,"25":0,"26":0,"27":0,"29":2,"30":2,"32":0,"36":0,"38":1,"39":0,"40":0,"41":0,"43":0,"44":0,"49":1,"50":0,"51":0,"54":1,"55":0,"78":0,"89":0,"90":0,"92":0,"93":0,"94":1,"95":0,"96":0,"97":0,"98":0,"101":0,"102":0,"103":0,"104":0,"105":0,"107":0,"108":0,"109":0,"110":0,"111":0,"112":0,"114":0,"118":0,"121":1,"122":0,"123":0,"124":0,"127":0,"128":0,"129":0,"130":0,"134":0,"137":0,"138":0,"141":0,"161":0,"162":0,"163":0,"164":1,"165":0,"166":0,"167":0,"168":0,"171":1,"172":0,"173":0,"177":0,"178":0,"181":1,"182":0,"183":0,"186":0,"187":0,"188":0,"189":0,"193":0,"196":0,"197":0,"201":1,"203":0,"204":0,"205":0,"206":0,"208":0,"210":0,"214":0,"216":0,"219":0,"221":0,"224":0,"226":0,"230":0,"242":0,"244":0,"266":0,"267":0,"269":1,"270":0,"274":0,"276":0,"277":0,"280":0,"314":0,"315":0,"317":1,"318":0,"322":0,"324":0,"325":0,"328":0,"362":0,"363":0,"365":1,"366":0,"370":0,"372":0,"373":0,"376":0,"411":0,"412":0,"413":1,"414":0,"415":0,"416":0,"417":0,"418":0,"419":0,"420":0,"421":0,"423":0,"428":0,"430":0,"432":0,"467":0,"497":0,"498":0,"500":0,"502":0,"523":0,"527":0,"529":0,"530":0,"531":1,"532":0,"533":0,"534":0,"535":0,"538":0,"539":0,"540":0,"541":0,"544":0,"545":0,"546":0,"548":0,"551":0,"554":0,"555":0,"556":1,"557":0,"558":0,"559":0,"560":0,"563":0,"564":0,"565":0,"566":0,"567":0,"570":0,"572":0,"574":0,"575":0,"577":0,"580":0,"581":0,"585":0,"586":1,"587":0,"588":0,"591":0,"593":0,"594":0,"596":0,"597":0,"599":0,"600":0,"602":0,"604":0,"609":0,"610":0,"612":0,"613":0,"615":0,"616":0,"618":0,"619":0,"621":0,"623":0,"628":0,"630":0,"634":0,"635":0,"637":0,"639":0,"640":0,"642":0,"643":0,"645":0,"646":0,"648":0,"652":0,"655":0,"658":0}}}